TN:
SF:C:\Users\mdyuong\Documents\test\node_modules\jasmine-core\lib\jasmine-core\jasmine.js
FN:23,(anonymous_1)
FN:40,getJasmineRequire
FN:44,(anonymous_3)
FN:86,(anonymous_4)
FN:119,(anonymous_5)
FN:120,(anonymous_6)
FN:128,(anonymous_7)
FN:132,(anonymous_8)
FN:138,(anonymous_9)
FN:142,(anonymous_10)
FN:146,(anonymous_11)
FN:150,(anonymous_12)
FN:154,(anonymous_13)
FN:158,(anonymous_14)
FN:167,(anonymous_15)
FN:171,(anonymous_16)
FN:175,(anonymous_17)
FN:179,(anonymous_18)
FN:183,(anonymous_19)
FN:187,(anonymous_20)
FN:192,(anonymous_21)
FN:195,(anonymous_22)
FN:222,(anonymous_23)
FN:230,(anonymous_24)
FN:247,(anonymous_25)
FN:251,(anonymous_26)
FN:252,(anonymous_27)
FN:258,(anonymous_28)
FN:267,(anonymous_29)
FN:275,(anonymous_30)
FN:279,(anonymous_31)
FN:289,(anonymous_32)
FN:307,(anonymous_33)
FN:308,Spec
FN:310,(anonymous_35)
FN:314,(anonymous_36)
FN:315,(anonymous_37)
FN:316,(anonymous_38)
FN:317,(anonymous_39)
FN:318,(anonymous_40)
FN:319,(anonymous_41)
FN:320,(anonymous_42)
FN:337,(anonymous_43)
FN:350,(anonymous_44)
FN:354,(anonymous_45)
FN:369,(anonymous_46)
FN:374,complete
FN:384,onException
FN:403,(anonymous_49)
FN:407,(anonymous_50)
FN:414,(anonymous_51)
FN:419,(anonymous_52)
FN:435,(anonymous_53)
FN:439,(anonymous_54)
FN:443,(anonymous_55)
FN:453,(anonymous_56)
FN:466,(anonymous_57)
FN:467,Order
FN:472,naturalOrder
FN:476,randomOrder
FN:478,(anonymous_61)
FN:484,generateSeed
FN:493,jenkinsHash
FN:511,(anonymous_64)
FN:512,Env
FN:524,(anonymous_66)
FN:535,(anonymous_67)
FN:539,(anonymous_68)
FN:552,(anonymous_69)
FN:556,(anonymous_70)
FN:563,(anonymous_71)
FN:576,(anonymous_72)
FN:581,(anonymous_73)
FN:585,(anonymous_74)
FN:594,addExpectationResult
FN:599,(anonymous_76)
FN:610,(anonymous_77)
FN:615,(anonymous_78)
FN:616,(anonymous_79)
FN:634,(anonymous_80)
FN:647,(anonymous_81)
FN:655,(anonymous_82)
FN:660,(anonymous_83)
FN:667,clearStack
FN:677,(anonymous_85)
FN:681,(anonymous_86)
FN:685,(anonymous_87)
FN:689,(anonymous_88)
FN:693,(anonymous_89)
FN:697,(anonymous_90)
FN:704,(anonymous_91)
FN:723,(anonymous_92)
FN:727,(anonymous_93)
FN:745,(anonymous_94)
FN:750,(anonymous_95)
FN:757,(anonymous_96)
FN:772,(anonymous_97)
FN:783,(anonymous_98)
FN:787,(anonymous_99)
FN:791,(anonymous_100)
FN:798,(anonymous_101)
FN:802,(anonymous_102)
FN:806,(anonymous_103)
FN:820,(anonymous_104)
FN:832,(anonymous_105)
FN:841,(anonymous_106)
FN:852,addSpecsToSuite
FN:865,(anonymous_108)
FN:873,findFocusedAncestor
FN:884,unfocusAncestor
FN:896,(anonymous_111)
FN:903,(anonymous_112)
FN:910,(anonymous_113)
FN:913,(anonymous_114)
FN:924,specResultCallback
FN:930,specStarted
FN:937,(anonymous_117)
FN:946,(anonymous_118)
FN:952,(anonymous_119)
FN:960,(anonymous_120)
FN:968,(anonymous_121)
FN:971,(anonymous_122)
FN:975,(anonymous_123)
FN:978,(anonymous_124)
FN:982,(anonymous_125)
FN:985,(anonymous_126)
FN:989,(anonymous_127)
FN:992,(anonymous_128)
FN:996,(anonymous_129)
FN:1004,(anonymous_130)
FN:1025,(anonymous_131)
FN:1028,(anonymous_132)
FN:1029,(anonymous_133)
FN:1032,JsApiReporter
FN:1040,(anonymous_135)
FN:1048,(anonymous_136)
FN:1055,(anonymous_137)
FN:1062,(anonymous_138)
FN:1066,(anonymous_139)
FN:1070,(anonymous_140)
FN:1074,storeSuite
FN:1079,(anonymous_142)
FN:1085,(anonymous_143)
FN:1089,(anonymous_144)
FN:1093,(anonymous_145)
FN:1097,(anonymous_146)
FN:1106,(anonymous_147)
FN:1108,CallTracker
FN:1112,argCloner
FN:1125,(anonymous_150)
FN:1132,(anonymous_151)
FN:1136,(anonymous_152)
FN:1140,(anonymous_153)
FN:1145,(anonymous_154)
FN:1149,(anonymous_155)
FN:1158,(anonymous_156)
FN:1162,(anonymous_157)
FN:1166,(anonymous_158)
FN:1170,(anonymous_159)
FN:1179,(anonymous_160)
FN:1180,Clock
FN:1199,(anonymous_162)
FN:1211,(anonymous_163)
FN:1220,(anonymous_164)
FN:1229,(anonymous_165)
FN:1233,(anonymous_166)
FN:1243,(anonymous_167)
FN:1253,(anonymous_168)
FN:1257,(anonymous_169)
FN:1261,(anonymous_170)
FN:1263,(anonymous_171)
FN:1271,originalTimingFunctionsIntact
FN:1278,legacyIE
FN:1283,replace
FN:1289,setTimeout
FN:1293,clearTimeout
FN:1297,setInterval
FN:1301,clearInterval
FN:1305,argSlice
FN:1313,(anonymous_180)
FN:1314,DelayedFunctionScheduler
FN:1321,(anonymous_182)
FN:1329,(anonymous_183)
FN:1333,(anonymous_184)
FN:1357,(anonymous_185)
FN:1365,(anonymous_186)
FN:1368,(anonymous_187)
FN:1389,indexOfFirstToPass
FN:1402,deleteFromLookup
FN:1404,(anonymous_190)
FN:1413,reschedule
FN:1422,forEachFunction
FN:1428,runScheduledFunctions
FN:1429,(anonymous_194)
FN:1444,(anonymous_195)
FN:1450,(anonymous_196)
FN:1464,(anonymous_197)
FN:1465,ExceptionFormatter
FN:1466,(anonymous_199)
FN:1486,(anonymous_200)
FN:1494,(anonymous_201)
FN:1496,Expectation
FN:1497,(anonymous_203)
FN:1500,(anonymous_204)
FN:1509,(anonymous_205)
FN:1510,(anonymous_206)
FN:1520,defaultNegativeCompare
FN:1564,(anonymous_208)
FN:1572,(anonymous_209)
FN:1589,(anonymous_210)
FN:1590,buildExpectationResult
FN:1591,(anonymous_212)
FN:1592,(anonymous_213)
FN:1608,message
FN:1619,stack
FN:1639,(anonymous_216)
FN:1640,MockDate
FN:1645,(anonymous_218)
FN:1646,(anonymous_219)
FN:1647,(anonymous_220)
FN:1653,(anonymous_221)
FN:1663,(anonymous_222)
FN:1668,(anonymous_223)
FN:1677,FakeDate
FN:1701,createDateProperties
FN:1704,(anonymous_226)
FN:1722,(anonymous_227)
FN:1724,PrettyPrinter
FN:1729,(anonymous_229)
FN:1774,(anonymous_230)
FN:1787,StringPrettyPrinter
FN:1795,(anonymous_232)
FN:1799,(anonymous_233)
FN:1803,(anonymous_234)
FN:1822,(anonymous_235)
FN:1839,(anonymous_236)
FN:1851,(anonymous_237)
FN:1864,(anonymous_238)
FN:1874,(anonymous_239)
FN:1878,(anonymous_240)
FN:1885,(anonymous_241)
FN:1887,once
FN:1889,(anonymous_243)
FN:1898,QueueRunner
FN:1900,(anonymous_245)
FN:1901,(anonymous_246)
FN:1902,(anonymous_247)
FN:1903,(anonymous_248)
FN:1906,(anonymous_249)
FN:1909,(anonymous_250)
FN:1913,(anonymous_251)
FN:1935,attemptSync
FN:1943,attemptAsync
FN:1944,(anonymous_254)
FN:1947,(anonymous_255)
FN:1953,(anonymous_256)
FN:1959,(anonymous_257)
FN:1974,onException
FN:1978,handleException
FN:1991,(anonymous_260)
FN:1992,ReportDispatcher
FN:1998,(anonymous_262)
FN:1999,(anonymous_263)
FN:2008,(anonymous_264)
FN:2012,(anonymous_265)
FN:2019,dispatch
FN:2036,(anonymous_267)
FN:2040,SpyRegistry
FN:2042,(anonymous_269)
FN:2044,(anonymous_270)
FN:2048,(anonymous_271)
FN:2086,(anonymous_272)
FN:2090,(anonymous_273)
FN:2104,(anonymous_274)
FN:2116,(anonymous_275)
FN:2118,SpyStrategy
FN:2122,(anonymous_277)
FN:2123,(anonymous_278)
FN:2124,(anonymous_279)
FN:2126,(anonymous_280)
FN:2130,(anonymous_281)
FN:2134,(anonymous_282)
FN:2139,(anonymous_283)
FN:2140,(anonymous_284)
FN:2146,(anonymous_285)
FN:2148,(anonymous_286)
FN:2154,(anonymous_287)
FN:2156,(anonymous_288)
FN:2162,(anonymous_289)
FN:2170,(anonymous_290)
FN:2171,(anonymous_291)
FN:2179,(anonymous_292)
FN:2180,Suite
FN:2205,(anonymous_294)
FN:2209,(anonymous_295)
FN:2219,(anonymous_296)
FN:2223,(anonymous_297)
FN:2227,(anonymous_298)
FN:2231,(anonymous_299)
FN:2235,(anonymous_300)
FN:2239,(anonymous_301)
FN:2243,(anonymous_302)
FN:2247,(anonymous_303)
FN:2263,(anonymous_304)
FN:2267,(anonymous_305)
FN:2271,(anonymous_306)
FN:2276,(anonymous_307)
FN:2284,(anonymous_308)
FN:2288,(anonymous_309)
FN:2310,(anonymous_310)
FN:2329,isAfterAll
FN:2333,isFailure
FN:2337,clone
FN:2355,(anonymous_314)
FN:2356,(anonymous_315)
FN:2357,(anonymous_316)
FN:2360,Timer
FN:2366,(anonymous_318)
FN:2370,(anonymous_319)
FN:2378,(anonymous_320)
FN:2379,TreeProcessor
FN:2383,(anonymous_322)
FN:2384,(anonymous_323)
FN:2385,(anonymous_324)
FN:2391,(anonymous_325)
FN:2397,(anonymous_326)
FN:2411,(anonymous_327)
FN:2418,runnableIndex
FN:2426,processNode
FN:2477,startingMin
FN:2481,startingMax
FN:2485,segmentChildren
FN:2491,isSegmentBoundary
FN:2514,orderChildSegments
FN:2533,(anonymous_335)
FN:2540,executeNode
FN:2543,(anonymous_337)
FN:2547,(anonymous_338)
FN:2553,(anonymous_339)
FN:2561,(anonymous_340)
FN:2566,wrapChildren
FN:2585,(anonymous_342)
FN:2587,Any
FN:2597,(anonymous_344)
FN:2621,(anonymous_345)
FN:2628,(anonymous_346)
FN:2630,Anything
FN:2632,(anonymous_348)
FN:2636,(anonymous_349)
FN:2643,(anonymous_350)
FN:2644,ArrayContaining
FN:2648,(anonymous_352)
FN:2662,(anonymous_353)
FN:2669,(anonymous_354)
FN:2671,ObjectContaining
FN:2675,getPrototype
FN:2687,hasProperty
FN:2699,(anonymous_358)
FN:2712,(anonymous_359)
FN:2719,(anonymous_360)
FN:2721,StringMatching
FN:2729,(anonymous_362)
FN:2733,(anonymous_363)
FN:2740,(anonymous_364)
FN:2741,ExpectationFailed
FN:2750,(anonymous_366)
FN:2751,generateErrorMsg
FN:2754,errorMsg
FN:2762,(anonymous_369)
FN:2766,(anonymous_370)
FN:2772,(anonymous_371)
FN:2789,(anonymous_372)
FN:2795,(anonymous_373)
FN:2815,isAsymmetric
FN:2819,asymmetricMatch
FN:2838,eq
FN:2970,keys
FN:2972,(anonymous_378)
FN:2997,has
FN:3001,isFunction
FN:3005,isObjectConstructor
FN:3014,(anonymous_382)
FN:3015,toBe
FN:3017,(anonymous_384)
FN:3028,(anonymous_385)
FN:3030,toBeCloseTo
FN:3032,(anonymous_387)
FN:3047,(anonymous_388)
FN:3048,toBeDefined
FN:3050,(anonymous_390)
FN:3061,(anonymous_391)
FN:3062,toBeFalsy
FN:3064,(anonymous_393)
FN:3075,(anonymous_394)
FN:3077,toBeGreaterThan
FN:3079,(anonymous_396)
FN:3091,(anonymous_397)
FN:3093,toBeGreaterThanOrEqual
FN:3095,(anonymous_399)
FN:3106,(anonymous_400)
FN:3107,toBeLessThan
FN:3110,(anonymous_402)
FN:3120,(anonymous_403)
FN:3121,toBeLessThanOrEqual
FN:3124,(anonymous_405)
FN:3135,(anonymous_406)
FN:3137,toBeNaN
FN:3139,(anonymous_408)
FN:3147,(anonymous_409)
FN:3158,(anonymous_410)
FN:3160,toBeNull
FN:3162,(anonymous_412)
FN:3173,(anonymous_413)
FN:3175,toBeTruthy
FN:3177,(anonymous_415)
FN:3188,(anonymous_416)
FN:3190,toBeUndefined
FN:3192,(anonymous_418)
FN:3203,(anonymous_419)
FN:3204,toContain
FN:3208,(anonymous_421)
FN:3220,(anonymous_422)
FN:3222,toEqual
FN:3226,(anonymous_424)
FN:3241,(anonymous_425)
FN:3245,toHaveBeenCalled
FN:3247,(anonymous_427)
FN:3272,(anonymous_428)
FN:3276,toHaveBeenCalledTimes
FN:3278,(anonymous_430)
FN:3305,(anonymous_431)
FN:3309,toHaveBeenCalledWith
FN:3311,(anonymous_433)
FN:3322,(anonymous_434)
FN:3328,(anonymous_435)
FN:3330,(anonymous_436)
FN:3341,(anonymous_437)
FN:3345,toMatch
FN:3347,(anonymous_439)
FN:3364,(anonymous_440)
FN:3368,toThrow
FN:3370,(anonymous_442)
FN:3393,(anonymous_443)
FN:3400,(anonymous_444)
FN:3402,(anonymous_445)
FN:3413,(anonymous_446)
FN:3417,toThrowError
FN:3419,(anonymous_448)
FN:3444,(anonymous_449)
FN:3454,(anonymous_450)
FN:3459,(anonymous_451)
FN:3468,getMatcher
FN:3494,messageMatch
FN:3504,(anonymous_454)
FN:3514,(anonymous_455)
FN:3523,(anonymous_456)
FN:3526,(anonymous_457)
FN:3533,isStringOrRegExp
FN:3537,isAnErrorType
FN:3542,(anonymous_460)
FN:3551,(anonymous_461)
FN:3553,(anonymous_462)
FN:3557,(anonymous_463)
FN:3561,(anonymous_464)
FN:3565,(anonymous_465)
FN:3569,(anonymous_466)
FN:3573,(anonymous_467)
FN:3577,(anonymous_468)
FN:3581,(anonymous_469)
FN:3585,(anonymous_470)
FN:3589,(anonymous_471)
FN:3593,(anonymous_472)
FN:3597,(anonymous_473)
FN:3601,(anonymous_474)
FN:3605,(anonymous_475)
FN:3616,(anonymous_476)
FN:3620,(anonymous_477)
FN:3624,(anonymous_478)
FN:3631,(anonymous_479)
FNF:479
FNH:223
FNDA:1,(anonymous_1)
FNDA:53,getJasmineRequire
FNDA:1,(anonymous_3)
FNDA:1,(anonymous_4)
FNDA:1,(anonymous_5)
FNDA:0,(anonymous_6)
FNDA:79,(anonymous_7)
FNDA:3,(anonymous_8)
FNDA:74,(anonymous_9)
FNDA:0,(anonymous_10)
FNDA:0,(anonymous_11)
FNDA:376,(anonymous_12)
FNDA:104,(anonymous_13)
FNDA:0,(anonymous_14)
FNDA:4,(anonymous_15)
FNDA:0,(anonymous_16)
FNDA:0,(anonymous_17)
FNDA:0,(anonymous_18)
FNDA:0,(anonymous_19)
FNDA:77,(anonymous_20)
FNDA:34,(anonymous_21)
FNDA:49,(anonymous_22)
FNDA:19,(anonymous_23)
FNDA:37,(anonymous_24)
FNDA:1,(anonymous_25)
FNDA:1,(anonymous_26)
FNDA:1,(anonymous_27)
FNDA:0,(anonymous_28)
FNDA:0,(anonymous_29)
FNDA:155,(anonymous_30)
FNDA:0,(anonymous_31)
FNDA:152,(anonymous_32)
FNDA:1,(anonymous_33)
FNDA:43,Spec
FNDA:0,(anonymous_35)
FNDA:0,(anonymous_36)
FNDA:0,(anonymous_37)
FNDA:0,(anonymous_38)
FNDA:0,(anonymous_39)
FNDA:0,(anonymous_40)
FNDA:0,(anonymous_41)
FNDA:0,(anonymous_42)
FNDA:103,(anonymous_43)
FNDA:103,(anonymous_44)
FNDA:43,(anonymous_45)
FNDA:0,(anonymous_46)
FNDA:43,complete
FNDA:0,onException
FNDA:0,(anonymous_49)
FNDA:0,(anonymous_50)
FNDA:0,(anonymous_51)
FNDA:43,(anonymous_52)
FNDA:129,(anonymous_53)
FNDA:86,(anonymous_54)
FNDA:0,(anonymous_55)
FNDA:0,(anonymous_56)
FNDA:1,(anonymous_57)
FNDA:1,Order
FNDA:34,naturalOrder
FNDA:0,randomOrder
FNDA:0,(anonymous_61)
FNDA:1,generateSeed
FNDA:0,jenkinsHash
FNDA:1,(anonymous_64)
FNDA:1,Env
FNDA:0,(anonymous_66)
FNDA:68,(anonymous_67)
FNDA:362,(anonymous_68)
FNDA:0,(anonymous_69)
FNDA:0,(anonymous_70)
FNDA:0,(anonymous_71)
FNDA:43,(anonymous_72)
FNDA:34,(anonymous_73)
FNDA:103,(anonymous_74)
FNDA:103,addExpectationResult
FNDA:77,(anonymous_76)
FNDA:77,(anonymous_77)
FNDA:43,(anonymous_78)
FNDA:43,(anonymous_79)
FNDA:86,(anonymous_80)
FNDA:103,(anonymous_81)
FNDA:0,(anonymous_82)
FNDA:0,(anonymous_83)
FNDA:77,clearStack
FNDA:0,(anonymous_85)
FNDA:0,(anonymous_86)
FNDA:0,(anonymous_87)
FNDA:0,(anonymous_88)
FNDA:0,(anonymous_89)
FNDA:0,(anonymous_90)
FNDA:77,(anonymous_91)
FNDA:1,(anonymous_92)
FNDA:1,(anonymous_93)
FNDA:33,(anonymous_94)
FNDA:33,(anonymous_95)
FNDA:34,(anonymous_96)
FNDA:1,(anonymous_97)
FNDA:1,(anonymous_98)
FNDA:0,(anonymous_99)
FNDA:78,(anonymous_100)
FNDA:0,(anonymous_101)
FNDA:1,(anonymous_102)
FNDA:33,(anonymous_103)
FNDA:33,(anonymous_104)
FNDA:0,(anonymous_105)
FNDA:0,(anonymous_106)
FNDA:33,addSpecsToSuite
FNDA:0,(anonymous_108)
FNDA:0,findFocusedAncestor
FNDA:0,unfocusAncestor
FNDA:43,(anonymous_111)
FNDA:86,(anonymous_112)
FNDA:43,(anonymous_113)
FNDA:0,(anonymous_114)
FNDA:43,specResultCallback
FNDA:43,specStarted
FNDA:43,(anonymous_117)
FNDA:0,(anonymous_118)
FNDA:0,(anonymous_119)
FNDA:103,(anonymous_120)
FNDA:34,(anonymous_121)
FNDA:0,(anonymous_122)
FNDA:0,(anonymous_123)
FNDA:0,(anonymous_124)
FNDA:2,(anonymous_125)
FNDA:0,(anonymous_126)
FNDA:0,(anonymous_127)
FNDA:0,(anonymous_128)
FNDA:0,(anonymous_129)
FNDA:0,(anonymous_130)
FNDA:1,(anonymous_131)
FNDA:0,(anonymous_132)
FNDA:0,(anonymous_133)
FNDA:1,JsApiReporter
FNDA:0,(anonymous_135)
FNDA:0,(anonymous_136)
FNDA:0,(anonymous_137)
FNDA:0,(anonymous_138)
FNDA:0,(anonymous_139)
FNDA:0,(anonymous_140)
FNDA:0,storeSuite
FNDA:0,(anonymous_142)
FNDA:0,(anonymous_143)
FNDA:0,(anonymous_144)
FNDA:0,(anonymous_145)
FNDA:0,(anonymous_146)
FNDA:1,(anonymous_147)
FNDA:77,CallTracker
FNDA:0,argCloner
FNDA:49,(anonymous_150)
FNDA:18,(anonymous_151)
FNDA:0,(anonymous_152)
FNDA:0,(anonymous_153)
FNDA:0,(anonymous_154)
FNDA:12,(anonymous_155)
FNDA:0,(anonymous_156)
FNDA:0,(anonymous_157)
FNDA:0,(anonymous_158)
FNDA:0,(anonymous_159)
FNDA:1,(anonymous_160)
FNDA:1,Clock
FNDA:0,(anonymous_162)
FNDA:0,(anonymous_163)
FNDA:0,(anonymous_164)
FNDA:0,(anonymous_165)
FNDA:0,(anonymous_166)
FNDA:0,(anonymous_167)
FNDA:0,(anonymous_168)
FNDA:0,(anonymous_169)
FNDA:0,(anonymous_170)
FNDA:0,(anonymous_171)
FNDA:0,originalTimingFunctionsIntact
FNDA:0,legacyIE
FNDA:0,replace
FNDA:0,setTimeout
FNDA:0,clearTimeout
FNDA:0,setInterval
FNDA:0,clearInterval
FNDA:0,argSlice
FNDA:1,(anonymous_180)
FNDA:0,DelayedFunctionScheduler
FNDA:0,(anonymous_182)
FNDA:0,(anonymous_183)
FNDA:0,(anonymous_184)
FNDA:0,(anonymous_185)
FNDA:0,(anonymous_186)
FNDA:0,(anonymous_187)
FNDA:0,indexOfFirstToPass
FNDA:0,deleteFromLookup
FNDA:0,(anonymous_190)
FNDA:0,reschedule
FNDA:0,forEachFunction
FNDA:0,runScheduledFunctions
FNDA:0,(anonymous_194)
FNDA:0,(anonymous_195)
FNDA:0,(anonymous_196)
FNDA:1,(anonymous_197)
FNDA:1,ExceptionFormatter
FNDA:0,(anonymous_199)
FNDA:0,(anonymous_200)
FNDA:1,(anonymous_201)
FNDA:206,Expectation
FNDA:0,(anonymous_203)
FNDA:0,(anonymous_204)
FNDA:20,(anonymous_205)
FNDA:103,(anonymous_206)
FNDA:0,defaultNegativeCompare
FNDA:1,(anonymous_208)
FNDA:103,(anonymous_209)
FNDA:1,(anonymous_210)
FNDA:103,buildExpectationResult
FNDA:0,(anonymous_212)
FNDA:0,(anonymous_213)
FNDA:103,message
FNDA:103,stack
FNDA:1,(anonymous_216)
FNDA:1,MockDate
FNDA:0,(anonymous_218)
FNDA:0,(anonymous_219)
FNDA:0,(anonymous_220)
FNDA:0,(anonymous_221)
FNDA:0,(anonymous_222)
FNDA:0,(anonymous_223)
FNDA:0,FakeDate
FNDA:1,createDateProperties
FNDA:0,(anonymous_226)
FNDA:1,(anonymous_227)
FNDA:0,PrettyPrinter
FNDA:0,(anonymous_229)
FNDA:0,(anonymous_230)
FNDA:0,StringPrettyPrinter
FNDA:0,(anonymous_232)
FNDA:0,(anonymous_233)
FNDA:0,(anonymous_234)
FNDA:0,(anonymous_235)
FNDA:0,(anonymous_236)
FNDA:0,(anonymous_237)
FNDA:0,(anonymous_238)
FNDA:0,(anonymous_239)
FNDA:0,(anonymous_240)
FNDA:1,(anonymous_241)
FNDA:76,once
FNDA:76,(anonymous_243)
FNDA:77,QueueRunner
FNDA:0,(anonymous_245)
FNDA:0,(anonymous_246)
FNDA:0,(anonymous_247)
FNDA:0,(anonymous_248)
FNDA:0,(anonymous_249)
FNDA:77,(anonymous_250)
FNDA:153,(anonymous_251)
FNDA:274,attemptSync
FNDA:76,attemptAsync
FNDA:76,(anonymous_254)
FNDA:76,(anonymous_255)
FNDA:0,(anonymous_256)
FNDA:0,(anonymous_257)
FNDA:0,onException
FNDA:0,handleException
FNDA:1,(anonymous_260)
FNDA:1,ReportDispatcher
FNDA:6,(anonymous_262)
FNDA:154,(anonymous_263)
FNDA:1,(anonymous_264)
FNDA:0,(anonymous_265)
FNDA:154,dispatch
FNDA:1,(anonymous_267)
FNDA:1,SpyRegistry
FNDA:0,(anonymous_269)
FNDA:0,(anonymous_270)
FNDA:1,(anonymous_271)
FNDA:1,(anonymous_272)
FNDA:0,(anonymous_273)
FNDA:77,(anonymous_274)
FNDA:1,(anonymous_275)
FNDA:77,SpyStrategy
FNDA:0,(anonymous_277)
FNDA:0,(anonymous_278)
FNDA:13,(anonymous_279)
FNDA:6,(anonymous_280)
FNDA:49,(anonymous_281)
FNDA:1,(anonymous_282)
FNDA:29,(anonymous_283)
FNDA:31,(anonymous_284)
FNDA:0,(anonymous_285)
FNDA:0,(anonymous_286)
FNDA:0,(anonymous_287)
FNDA:0,(anonymous_288)
FNDA:4,(anonymous_289)
FNDA:0,(anonymous_290)
FNDA:0,(anonymous_291)
FNDA:1,(anonymous_292)
FNDA:34,Suite
FNDA:0,(anonymous_294)
FNDA:120,(anonymous_295)
FNDA:0,(anonymous_296)
FNDA:0,(anonymous_297)
FNDA:34,(anonymous_298)
FNDA:0,(anonymous_299)
FNDA:2,(anonymous_300)
FNDA:0,(anonymous_301)
FNDA:76,(anonymous_302)
FNDA:33,(anonymous_303)
FNDA:34,(anonymous_304)
FNDA:34,(anonymous_305)
FNDA:33,(anonymous_306)
FNDA:110,(anonymous_307)
FNDA:43,(anonymous_308)
FNDA:0,(anonymous_309)
FNDA:0,(anonymous_310)
FNDA:0,isAfterAll
FNDA:0,isFailure
FNDA:76,clone
FNDA:1,(anonymous_314)
FNDA:1,(anonymous_315)
FNDA:0,(anonymous_316)
FNDA:1,Timer
FNDA:0,(anonymous_318)
FNDA:0,(anonymous_319)
FNDA:1,(anonymous_320)
FNDA:1,TreeProcessor
FNDA:0,(anonymous_322)
FNDA:0,(anonymous_323)
FNDA:0,(anonymous_324)
FNDA:1,(anonymous_325)
FNDA:1,(anonymous_326)
FNDA:0,(anonymous_327)
FNDA:77,runnableIndex
FNDA:77,processNode
FNDA:77,startingMin
FNDA:77,startingMax
FNDA:34,segmentChildren
FNDA:76,isSegmentBoundary
FNDA:34,orderChildSegments
FNDA:0,(anonymous_335)
FNDA:76,executeNode
FNDA:33,(anonymous_337)
FNDA:33,(anonymous_338)
FNDA:0,(anonymous_339)
FNDA:43,(anonymous_340)
FNDA:34,wrapChildren
FNDA:1,(anonymous_342)
FNDA:4,Any
FNDA:4,(anonymous_344)
FNDA:0,(anonymous_345)
FNDA:1,(anonymous_346)
FNDA:0,Anything
FNDA:0,(anonymous_348)
FNDA:0,(anonymous_349)
FNDA:1,(anonymous_350)
FNDA:0,ArrayContaining
FNDA:0,(anonymous_352)
FNDA:0,(anonymous_353)
FNDA:1,(anonymous_354)
FNDA:0,ObjectContaining
FNDA:0,getPrototype
FNDA:0,hasProperty
FNDA:0,(anonymous_358)
FNDA:0,(anonymous_359)
FNDA:1,(anonymous_360)
FNDA:0,StringMatching
FNDA:0,(anonymous_362)
FNDA:0,(anonymous_363)
FNDA:1,(anonymous_364)
FNDA:0,ExpectationFailed
FNDA:1,(anonymous_366)
FNDA:7,generateErrorMsg
FNDA:0,errorMsg
FNDA:1,(anonymous_369)
FNDA:27,(anonymous_370)
FNDA:20,(anonymous_371)
FNDA:0,(anonymous_372)
FNDA:0,(anonymous_373)
FNDA:304,isAsymmetric
FNDA:152,asymmetricMatch
FNDA:152,eq
FNDA:104,keys
FNDA:0,(anonymous_378)
FNDA:83,has
FNDA:0,isFunction
FNDA:0,isObjectConstructor
FNDA:1,(anonymous_382)
FNDA:14,toBe
FNDA:14,(anonymous_384)
FNDA:1,(anonymous_385)
FNDA:0,toBeCloseTo
FNDA:0,(anonymous_387)
FNDA:1,(anonymous_388)
FNDA:0,toBeDefined
FNDA:0,(anonymous_390)
FNDA:1,(anonymous_391)
FNDA:1,toBeFalsy
FNDA:1,(anonymous_393)
FNDA:1,(anonymous_394)
FNDA:0,toBeGreaterThan
FNDA:0,(anonymous_396)
FNDA:1,(anonymous_397)
FNDA:0,toBeGreaterThanOrEqual
FNDA:0,(anonymous_399)
FNDA:1,(anonymous_400)
FNDA:0,toBeLessThan
FNDA:0,(anonymous_402)
FNDA:1,(anonymous_403)
FNDA:0,toBeLessThanOrEqual
FNDA:0,(anonymous_405)
FNDA:1,(anonymous_406)
FNDA:0,toBeNaN
FNDA:0,(anonymous_408)
FNDA:0,(anonymous_409)
FNDA:1,(anonymous_410)
FNDA:31,toBeNull
FNDA:31,(anonymous_412)
FNDA:1,(anonymous_413)
FNDA:1,toBeTruthy
FNDA:1,(anonymous_415)
FNDA:1,(anonymous_416)
FNDA:3,toBeUndefined
FNDA:3,(anonymous_418)
FNDA:1,(anonymous_419)
FNDA:8,toContain
FNDA:8,(anonymous_421)
FNDA:1,(anonymous_422)
FNDA:27,toEqual
FNDA:27,(anonymous_424)
FNDA:1,(anonymous_425)
FNDA:6,toHaveBeenCalled
FNDA:6,(anonymous_427)
FNDA:1,(anonymous_428)
FNDA:0,toHaveBeenCalledTimes
FNDA:0,(anonymous_430)
FNDA:1,(anonymous_431)
FNDA:12,toHaveBeenCalledWith
FNDA:12,(anonymous_433)
FNDA:0,(anonymous_434)
FNDA:0,(anonymous_435)
FNDA:0,(anonymous_436)
FNDA:1,(anonymous_437)
FNDA:0,toMatch
FNDA:0,(anonymous_439)
FNDA:1,(anonymous_440)
FNDA:0,toThrow
FNDA:0,(anonymous_442)
FNDA:0,(anonymous_443)
FNDA:0,(anonymous_444)
FNDA:0,(anonymous_445)
FNDA:1,(anonymous_446)
FNDA:0,toThrowError
FNDA:0,(anonymous_448)
FNDA:0,(anonymous_449)
FNDA:0,(anonymous_450)
FNDA:0,(anonymous_451)
FNDA:0,getMatcher
FNDA:0,messageMatch
FNDA:0,(anonymous_454)
FNDA:0,(anonymous_455)
FNDA:0,(anonymous_456)
FNDA:0,(anonymous_457)
FNDA:0,isStringOrRegExp
FNDA:0,isAnErrorType
FNDA:0,(anonymous_460)
FNDA:1,(anonymous_461)
FNDA:33,(anonymous_462)
FNDA:0,(anonymous_463)
FNDA:0,(anonymous_464)
FNDA:43,(anonymous_465)
FNDA:0,(anonymous_466)
FNDA:0,(anonymous_467)
FNDA:34,(anonymous_468)
FNDA:2,(anonymous_469)
FNDA:0,(anonymous_470)
FNDA:0,(anonymous_471)
FNDA:103,(anonymous_472)
FNDA:0,(anonymous_473)
FNDA:0,(anonymous_474)
FNDA:1,(anonymous_475)
FNDA:0,(anonymous_476)
FNDA:0,(anonymous_477)
FNDA:0,(anonymous_478)
FNDA:1,(anonymous_479)
DA:23,1
DA:24,1
DA:26,1
DA:27,0
DA:28,0
DA:30,0
DA:32,0
DA:34,1
DA:35,0
DA:37,1
DA:40,1
DA:41,53
DA:44,1
DA:45,1
DA:47,1
DA:48,1
DA:49,1
DA:50,1
DA:51,1
DA:52,1
DA:53,1
DA:54,1
DA:55,1
DA:56,1
DA:57,1
DA:58,1
DA:59,1
DA:60,1
DA:61,1
DA:62,1
DA:63,1
DA:64,1
DA:65,1
DA:66,1
DA:67,1
DA:68,1
DA:69,1
DA:70,1
DA:71,1
DA:72,1
DA:73,1
DA:74,1
DA:75,1
DA:76,1
DA:78,1
DA:80,1
DA:83,1
DA:86,1
DA:87,1
DA:111,1
DA:112,20
DA:113,20
DA:116,1
DA:119,1
DA:120,1
DA:121,0
DA:124,1
DA:125,1
DA:126,1
DA:128,1
DA:129,79
DA:132,1
DA:133,3
DA:135,3
DA:138,1
DA:139,74
DA:142,1
DA:143,0
DA:146,1
DA:147,0
DA:150,1
DA:151,376
DA:154,1
DA:155,104
DA:158,1
DA:159,0
DA:160,0
DA:163,0
DA:164,0
DA:167,1
DA:168,4
DA:171,1
DA:172,0
DA:175,1
DA:176,0
DA:179,1
DA:180,0
DA:183,1
DA:184,0
DA:187,1
DA:189,77
DA:192,34
DA:196,49
DA:201,49
DA:202,49
DA:203,49
DA:205,49
DA:208,77
DA:209,0
DA:210,0
DA:213,0
DA:216,77
DA:217,77
DA:219,77
DA:222,1
DA:223,19
DA:224,0
DA:226,19
DA:230,1
DA:231,37
DA:232,0
DA:233,0
DA:236,37
DA:237,0
DA:239,37
DA:240,37
DA:241,41
DA:243,37
DA:247,1
DA:249,1
DA:251,1
DA:252,1
DA:254,1
DA:255,1
DA:258,1
DA:259,0
DA:260,0
DA:262,0
DA:267,1
DA:268,0
DA:269,0
DA:270,0
DA:272,0
DA:275,1
DA:276,155
DA:279,1
DA:280,0
DA:281,0
DA:282,0
DA:283,0
DA:286,0
DA:289,1
DA:290,152
DA:291,76
DA:294,76
DA:295,76
DA:296,0
DA:297,0
DA:301,76
DA:304,1
DA:307,1
DA:308,1
DA:309,43
DA:310,43
DA:311,43
DA:312,43
DA:313,43
DA:314,43
DA:315,43
DA:316,43
DA:317,43
DA:318,43
DA:319,43
DA:320,43
DA:321,43
DA:323,43
DA:324,0
DA:327,43
DA:337,1
DA:338,103
DA:339,103
DA:340,103
DA:342,0
DA:344,0
DA:345,0
DA:350,1
DA:351,103
DA:354,1
DA:355,43
DA:357,43
DA:359,43
DA:360,0
DA:361,0
DA:364,43
DA:365,43
DA:367,43
DA:369,0
DA:374,1
DA:375,43
DA:376,43
DA:378,43
DA:379,43
DA:384,1
DA:385,0
DA:386,0
DA:387,0
DA:390,0
DA:391,0
DA:394,0
DA:403,1
DA:404,0
DA:407,1
DA:408,0
DA:409,0
DA:410,0
DA:414,1
DA:415,0
DA:416,0
DA:419,1
DA:420,43
DA:421,0
DA:424,43
DA:425,0
DA:428,43
DA:429,0
DA:431,43
DA:435,1
DA:436,129
DA:439,1
DA:440,86
DA:443,1
DA:444,0
DA:448,0
DA:451,1
DA:453,1
DA:454,0
DA:457,1
DA:460,1
DA:461,0
DA:466,1
DA:467,1
DA:468,1
DA:469,1
DA:470,1
DA:472,1
DA:473,34
DA:476,1
DA:477,0
DA:478,0
DA:479,0
DA:481,0
DA:484,1
DA:485,1
DA:493,1
DA:494,0
DA:495,0
DA:496,0
DA:497,0
DA:498,0
DA:500,0
DA:501,0
DA:502,0
DA:503,0
DA:508,1
DA:511,1
DA:512,1
DA:513,1
DA:515,1
DA:516,1
DA:518,1
DA:520,1
DA:522,1
DA:523,1
DA:524,1
DA:526,1
DA:528,1
DA:529,1
DA:530,1
DA:531,1
DA:532,1
DA:533,1
DA:535,1
DA:536,68
DA:539,1
DA:540,362
DA:543,1
DA:552,1
DA:553,0
DA:556,1
DA:557,0
DA:558,0
DA:560,0
DA:563,1
DA:564,0
DA:565,0
DA:567,0
DA:568,0
DA:569,0
DA:573,1
DA:575,1
DA:576,1
DA:577,43
DA:580,1
DA:581,1
DA:582,34
DA:585,1
DA:586,103
DA:594,1
DA:595,103
DA:599,1
DA:600,77
DA:602,77
DA:603,76
DA:604,76
DA:607,77
DA:610,1
DA:611,77
DA:612,77
DA:615,1
DA:616,43
DA:617,43
DA:620,43
DA:621,141
DA:622,141
DA:624,141
DA:627,43
DA:634,1
DA:635,86
DA:638,86
DA:639,86
DA:641,86
DA:645,1
DA:648,103
DA:649,103
DA:651,103
DA:655,1
DA:656,0
DA:657,0
DA:660,1
DA:661,0
DA:664,1
DA:665,1
DA:667,1
DA:668,77
DA:669,77
DA:670,3
DA:671,3
DA:673,74
DA:677,1
DA:678,0
DA:681,1
DA:682,0
DA:685,1
DA:686,0
DA:689,1
DA:690,0
DA:693,1
DA:694,0
DA:697,1
DA:698,0
DA:699,0
DA:701,0
DA:704,1
DA:705,77
DA:706,77
DA:707,77
DA:708,77
DA:710,77
DA:713,1
DA:720,1
DA:721,1
DA:723,1
DA:724,1
DA:727,1
DA:728,1
DA:729,1
DA:730,0
DA:732,1
DA:736,1
DA:741,1
DA:746,33
DA:747,33
DA:748,33
DA:751,33
DA:752,33
DA:754,33
DA:755,33
DA:758,34
DA:762,1
DA:763,0
DA:766,1
DA:770,1
DA:772,1
DA:773,1
DA:774,1
DA:776,1
DA:783,1
DA:784,1
DA:787,1
DA:788,0
DA:791,1
DA:792,78
DA:793,0
DA:795,78
DA:798,1
DA:799,0
DA:802,1
DA:803,1
DA:806,1
DA:807,33
DA:817,33
DA:820,1
DA:821,33
DA:822,33
DA:823,0
DA:825,33
DA:826,0
DA:828,33
DA:829,33
DA:832,1
DA:833,0
DA:834,0
DA:835,0
DA:836,0
DA:839,1
DA:841,1
DA:842,0
DA:843,0
DA:845,0
DA:846,0
DA:847,0
DA:849,0
DA:852,1
DA:853,33
DA:854,33
DA:855,33
DA:857,33
DA:858,33
DA:859,33
DA:861,0
DA:864,33
DA:865,0
DA:866,0
DA:870,33
DA:873,1
DA:874,0
DA:875,0
DA:876,0
DA:878,0
DA:881,0
DA:884,1
DA:885,0
DA:886,0
DA:887,0
DA:888,0
DA:889,0
DA:890,0
DA:896,1
DA:897,43
DA:898,43
DA:904,86
DA:910,43
DA:913,0
DA:918,43
DA:919,0
DA:922,43
DA:924,1
DA:925,43
DA:926,43
DA:927,43
DA:930,1
DA:931,43
DA:932,43
DA:933,43
DA:937,1
DA:938,43
DA:939,43
DA:940,0
DA:942,43
DA:943,43
DA:946,1
DA:947,0
DA:948,0
DA:949,0
DA:952,1
DA:953,0
DA:954,0
DA:955,0
DA:956,0
DA:957,0
DA:960,1
DA:961,103
DA:962,0
DA:965,103
DA:968,1
DA:969,34
DA:971,0
DA:975,1
DA:976,0
DA:978,0
DA:982,1
DA:983,2
DA:985,0
DA:989,1
DA:990,0
DA:992,0
DA:996,1
DA:997,0
DA:998,0
DA:999,0
DA:1001,0
DA:1004,1
DA:1005,0
DA:1006,0
DA:1007,0
DA:1008,0
DA:1011,0
DA:1022,1
DA:1025,1
DA:1027,1
DA:1029,0
DA:1032,1
DA:1033,1
DA:1036,1
DA:1037,1
DA:1038,1
DA:1040,1
DA:1041,0
DA:1042,0
DA:1043,0
DA:1046,1
DA:1048,1
DA:1049,0
DA:1050,0
DA:1051,0
DA:1052,0
DA:1055,1
DA:1056,0
DA:1059,1
DA:1062,1
DA:1063,0
DA:1066,1
DA:1067,0
DA:1070,1
DA:1071,0
DA:1074,1
DA:1075,0
DA:1076,0
DA:1079,1
DA:1080,0
DA:1083,1
DA:1085,1
DA:1086,0
DA:1089,1
DA:1090,0
DA:1093,1
DA:1094,0
DA:1097,1
DA:1098,0
DA:1103,1
DA:1106,1
DA:1108,1
DA:1109,77
DA:1110,77
DA:1112,1
DA:1113,0
DA:1114,0
DA:1115,0
DA:1116,0
DA:1117,0
DA:1119,0
DA:1122,0
DA:1125,77
DA:1126,49
DA:1127,0
DA:1129,49
DA:1132,77
DA:1133,18
DA:1136,77
DA:1137,0
DA:1140,77
DA:1141,0
DA:1142,0
DA:1145,77
DA:1146,0
DA:1149,77
DA:1150,12
DA:1151,12
DA:1152,12
DA:1155,12
DA:1158,77
DA:1159,0
DA:1162,77
DA:1163,0
DA:1166,77
DA:1167,0
DA:1170,77
DA:1171,0
DA:1176,1
DA:1179,1
DA:1180,1
DA:1181,1
DA:1199,1
DA:1200,0
DA:1201,0
DA:1203,0
DA:1204,0
DA:1205,0
DA:1206,0
DA:1208,0
DA:1211,1
DA:1212,0
DA:1213,0
DA:1214,0
DA:1216,0
DA:1217,0
DA:1220,1
DA:1221,0
DA:1222,0
DA:1223,0
DA:1225,0
DA:1229,1
DA:1230,0
DA:1233,1
DA:1234,0
DA:1235,0
DA:1236,0
DA:1238,0
DA:1240,0
DA:1243,1
DA:1244,0
DA:1245,0
DA:1246,0
DA:1248,0
DA:1250,0
DA:1253,1
DA:1254,0
DA:1257,1
DA:1258,0
DA:1261,1
DA:1262,0
DA:1263,0
DA:1265,0
DA:1269,1
DA:1271,1
DA:1272,0
DA:1278,1
DA:1280,0
DA:1283,1
DA:1284,0
DA:1285,0
DA:1289,1
DA:1290,0
DA:1293,1
DA:1294,0
DA:1297,1
DA:1298,0
DA:1301,1
DA:1302,0
DA:1305,1
DA:1306,0
DA:1310,1
DA:1313,1
DA:1314,1
DA:1315,0
DA:1316,0
DA:1317,0
DA:1318,0
DA:1319,0
DA:1321,0
DA:1322,0
DA:1323,0
DA:1325,0
DA:1326,0
DA:1329,0
DA:1330,0
DA:1331,0
DA:1333,0
DA:1336,0
DA:1339,0
DA:1340,0
DA:1341,0
DA:1343,0
DA:1352,0
DA:1353,0
DA:1355,0
DA:1356,0
DA:1357,0
DA:1358,0
DA:1362,0
DA:1365,0
DA:1366,0
DA:1367,0
DA:1368,0
DA:1369,0
DA:1372,0
DA:1373,0
DA:1374,0
DA:1375,0
DA:1377,0
DA:1382,0
DA:1387,0
DA:1389,1
DA:1390,0
DA:1392,0
DA:1393,0
DA:1394,0
DA:1395,0
DA:1399,0
DA:1402,1
DA:1403,0
DA:1404,0
DA:1405,0
DA:1408,0
DA:1409,0
DA:1413,1
DA:1414,0
DA:1422,1
DA:1423,0
DA:1424,0
DA:1428,1
DA:1429,0
DA:1430,0
DA:1431,0
DA:1432,0
DA:1435,0
DA:1436,0
DA:1437,0
DA:1439,0
DA:1441,0
DA:1442,0
DA:1444,0
DA:1445,0
DA:1446,0
DA:1450,0
DA:1451,0
DA:1461,1
DA:1464,1
DA:1465,1
DA:1466,1
DA:1467,0
DA:1469,0
DA:1470,0
DA:1472,0
DA:1475,0
DA:1476,0
DA:1479,0
DA:1480,0
DA:1483,0
DA:1486,1
DA:1487,0
DA:1491,1
DA:1494,1
DA:1496,1
DA:1497,206
DA:1498,206
DA:1499,206
DA:1500,206
DA:1501,206
DA:1503,206
DA:1504,206
DA:1505,0
DA:1509,1
DA:1510,20
DA:1511,103
DA:1515,103
DA:1517,103
DA:1520,1
DA:1521,0
DA:1522,0
DA:1523,0
DA:1526,103
DA:1527,0
DA:1530,103
DA:1532,103
DA:1533,0
DA:1534,0
DA:1535,0
DA:1536,0
DA:1538,0
DA:1539,0
DA:1541,0
DA:1546,103
DA:1547,60
DA:1551,103
DA:1564,1
DA:1565,1
DA:1566,1
DA:1567,20
DA:1568,20
DA:1572,1
DA:1573,103
DA:1575,103
DA:1579,103
DA:1580,103
DA:1582,103
DA:1585,1
DA:1589,1
DA:1590,1
DA:1591,103
DA:1594,103
DA:1601,103
DA:1602,0
DA:1603,0
DA:1606,103
DA:1608,1
DA:1609,103
DA:1610,103
DA:1611,0
DA:1612,0
DA:1613,0
DA:1614,0
DA:1616,0
DA:1619,1
DA:1620,103
DA:1621,103
DA:1624,0
DA:1625,0
DA:1626,0
DA:1627,0
DA:1629,0
DA:1632,0
DA:1636,1
DA:1639,1
DA:1640,1
DA:1641,1
DA:1642,1
DA:1644,1
DA:1645,0
DA:1646,0
DA:1647,0
DA:1648,0
DA:1651,1
DA:1653,1
DA:1654,0
DA:1655,0
DA:1657,0
DA:1660,0
DA:1663,1
DA:1664,0
DA:1665,0
DA:1668,1
DA:1669,0
DA:1670,0
DA:1673,1
DA:1675,1
DA:1677,1
DA:1678,0
DA:1680,0
DA:1682,0
DA:1684,0
DA:1686,0
DA:1688,0
DA:1690,0
DA:1693,0
DA:1696,0
DA:1701,1
DA:1702,1
DA:1704,1
DA:1705,0
DA:1706,0
DA:1708,0
DA:1712,1
DA:1713,1
DA:1714,1
DA:1715,1
DA:1719,1
DA:1722,1
DA:1724,1
DA:1725,0
DA:1726,0
DA:1729,1
DA:1730,0
DA:1731,0
DA:1732,0
DA:1733,0
DA:1734,0
DA:1735,0
DA:1736,0
DA:1737,0
DA:1738,0
DA:1739,0
DA:1740,0
DA:1741,0
DA:1742,0
DA:1743,0
DA:1744,0
DA:1745,0
DA:1746,0
DA:1747,0
DA:1748,0
DA:1749,0
DA:1750,0
DA:1751,0
DA:1752,0
DA:1753,0
DA:1754,0
DA:1755,0
DA:1756,0
DA:1757,0
DA:1758,0
DA:1759,0
DA:1760,0
DA:1761,0
DA:1763,0
DA:1765,0
DA:1767,0
DA:1770,0
DA:1774,1
DA:1775,0
DA:1776,0
DA:1777,0
DA:1782,1
DA:1783,1
DA:1784,1
DA:1785,1
DA:1787,1
DA:1788,0
DA:1790,0
DA:1793,1
DA:1795,1
DA:1796,0
DA:1799,1
DA:1800,0
DA:1803,1
DA:1804,0
DA:1805,0
DA:1806,0
DA:1808,0
DA:1809,0
DA:1810,0
DA:1811,0
DA:1812,0
DA:1814,0
DA:1816,0
DA:1817,0
DA:1820,0
DA:1821,0
DA:1822,0
DA:1823,0
DA:1824,0
DA:1827,0
DA:1828,0
DA:1830,0
DA:1833,0
DA:1836,0
DA:1839,1
DA:1840,0
DA:1841,0
DA:1843,0
DA:1844,0
DA:1847,0
DA:1848,0
DA:1849,0
DA:1851,0
DA:1852,0
DA:1853,0
DA:1855,0
DA:1858,0
DA:1861,0
DA:1864,1
DA:1865,0
DA:1866,0
DA:1867,0
DA:1868,0
DA:1870,0
DA:1874,1
DA:1875,0
DA:1878,1
DA:1879,0
DA:1880,0
DA:1881,0
DA:1885,1
DA:1887,1
DA:1888,76
DA:1889,76
DA:1890,76
DA:1891,76
DA:1892,76
DA:1894,59
DA:1898,1
DA:1899,77
DA:1900,77
DA:1901,77
DA:1902,77
DA:1903,77
DA:1904,77
DA:1905,77
DA:1906,77
DA:1909,1
DA:1910,77
DA:1913,1
DA:1914,153
DA:1919,153
DA:1920,350
DA:1921,350
DA:1922,76
DA:1923,61
DA:1925,274
DA:1929,77
DA:1931,77
DA:1932,77
DA:1935,1
DA:1936,274
DA:1937,274
DA:1939,0
DA:1943,1
DA:1944,76
DA:1945,76
DA:1948,76
DA:1949,76
DA:1953,76
DA:1954,0
DA:1955,0
DA:1958,76
DA:1959,0
DA:1960,0
DA:1961,0
DA:1962,0
DA:1966,76
DA:1967,76
DA:1969,0
DA:1970,0
DA:1974,1
DA:1975,0
DA:1978,1
DA:1979,0
DA:1980,0
DA:1983,0
DA:1988,1
DA:1991,1
DA:1992,1
DA:1994,1
DA:1996,1
DA:1997,6
DA:1998,6
DA:1999,6
DA:2000,154
DA:2005,1
DA:2006,1
DA:2008,1
DA:2009,1
DA:2012,1
DA:2013,0
DA:2017,1
DA:2019,1
DA:2020,154
DA:2021,0
DA:2023,154
DA:2024,154
DA:2025,154
DA:2026,154
DA:2032,1
DA:2036,1
DA:2038,1
DA:2040,1
DA:2041,1
DA:2042,1
DA:2044,1
DA:2045,0
DA:2048,1
DA:2050,1
DA:2051,0
DA:2054,1
DA:2055,0
DA:2058,1
DA:2059,0
DA:2062,1
DA:2063,0
DA:2064,0
DA:2066,0
DA:2070,1
DA:2071,1
DA:2072,1
DA:2077,1
DA:2078,0
DA:2081,1
DA:2085,1
DA:2086,1
DA:2087,1
DA:2090,0
DA:2091,0
DA:2095,1
DA:2099,1
DA:2101,1
DA:2104,1
DA:2105,77
DA:2106,77
DA:2107,1
DA:2108,1
DA:2113,1
DA:2116,1
DA:2118,1
DA:2119,77
DA:2121,77
DA:2126,77
DA:2127,6
DA:2130,77
DA:2131,49
DA:2134,77
DA:2135,1
DA:2136,1
DA:2139,77
DA:2140,29
DA:2141,31
DA:2143,29
DA:2146,77
DA:2147,0
DA:2148,0
DA:2149,0
DA:2151,0
DA:2154,77
DA:2155,0
DA:2156,0
DA:2157,0
DA:2159,0
DA:2162,77
DA:2163,4
DA:2164,0
DA:2166,4
DA:2167,4
DA:2170,77
DA:2171,0
DA:2172,0
DA:2176,1
DA:2179,1
DA:2180,1
DA:2181,34
DA:2182,34
DA:2183,34
DA:2184,34
DA:2185,34
DA:2186,34
DA:2187,34
DA:2189,34
DA:2190,34
DA:2191,34
DA:2192,34
DA:2193,34
DA:2195,34
DA:2197,34
DA:2205,1
DA:2206,0
DA:2209,1
DA:2210,120
DA:2211,120
DA:2212,373
DA:2213,253
DA:2216,120
DA:2219,1
DA:2220,0
DA:2223,1
DA:2224,0
DA:2227,1
DA:2228,34
DA:2231,1
DA:2232,0
DA:2235,1
DA:2236,2
DA:2239,1
DA:2240,0
DA:2243,1
DA:2244,76
DA:2247,1
DA:2248,33
DA:2249,0
DA:2252,33
DA:2253,0
DA:2256,33
DA:2257,0
DA:2259,33
DA:2263,1
DA:2264,34
DA:2267,1
DA:2268,34
DA:2271,1
DA:2272,33
DA:2273,33
DA:2276,1
DA:2277,110
DA:2278,34
DA:2281,110
DA:2284,1
DA:2285,43
DA:2288,1
DA:2289,0
DA:2290,0
DA:2293,0
DA:2294,0
DA:2301,0
DA:2303,0
DA:2304,0
DA:2305,0
DA:2310,1
DA:2311,0
DA:2312,0
DA:2313,0
DA:2314,0
DA:2315,0
DA:2318,0
DA:2319,0
DA:2320,0
DA:2321,0
DA:2329,1
DA:2330,0
DA:2333,1
DA:2334,0
DA:2337,1
DA:2338,76
DA:2339,76
DA:2340,0
DA:2341,0
DA:2345,76
DA:2348,1
DA:2351,1
DA:2352,0
DA:2355,1
DA:2356,1
DA:2357,1
DA:2360,1
DA:2361,1
DA:2363,1
DA:2366,1
DA:2367,0
DA:2370,1
DA:2371,0
DA:2375,1
DA:2378,1
DA:2379,1
DA:2380,1
DA:2385,0
DA:2391,1
DA:2392,1
DA:2393,1
DA:2394,1
DA:2397,1
DA:2398,1
DA:2399,0
DA:2402,1
DA:2403,0
DA:2406,1
DA:2408,1
DA:2412,0
DA:2418,1
DA:2419,77
DA:2420,77
DA:2421,1
DA:2426,1
DA:2427,77
DA:2429,77
DA:2430,1
DA:2433,77
DA:2435,77
DA:2436,43
DA:2447,34
DA:2449,34
DA:2451,34
DA:2452,76
DA:2454,76
DA:2456,76
DA:2457,0
DA:2460,76
DA:2462,76
DA:2465,34
DA:2469,34
DA:2471,34
DA:2472,0
DA:2477,1
DA:2478,77
DA:2481,1
DA:2482,77
DA:2485,1
DA:2486,34
DA:2491,1
DA:2492,76
DA:2495,34
DA:2496,76
DA:2500,76
DA:2501,0
DA:2502,0
DA:2505,76
DA:2506,76
DA:2507,76
DA:2508,76
DA:2511,34
DA:2514,1
DA:2515,34
DA:2518,34
DA:2519,76
DA:2522,76
DA:2523,76
DA:2525,76
DA:2526,76
DA:2528,0
DA:2533,34
DA:2534,0
DA:2537,34
DA:2540,1
DA:2541,76
DA:2542,33
DA:2544,33
DA:2546,33
DA:2548,33
DA:2549,33
DA:2554,0
DA:2560,43
DA:2561,43
DA:2566,1
DA:2567,34
DA:2570,34
DA:2571,76
DA:2574,34
DA:2575,0
DA:2578,34
DA:2582,1
DA:2585,1
DA:2587,1
DA:2588,4
DA:2589,0
DA:2594,4
DA:2597,1
DA:2598,4
DA:2599,0
DA:2602,4
DA:2603,0
DA:2606,4
DA:2607,4
DA:2610,0
DA:2611,0
DA:2614,0
DA:2615,0
DA:2618,0
DA:2621,1
DA:2622,0
DA:2625,1
DA:2628,1
DA:2630,1
DA:2632,1
DA:2633,0
DA:2636,1
DA:2637,0
DA:2640,1
DA:2643,1
DA:2644,1
DA:2645,0
DA:2648,1
DA:2649,0
DA:2650,0
DA:2652,0
DA:2653,0
DA:2654,0
DA:2655,0
DA:2659,0
DA:2662,1
DA:2663,0
DA:2666,1
DA:2669,1
DA:2671,1
DA:2672,0
DA:2675,1
DA:2676,0
DA:2677,0
DA:2680,0
DA:2681,0
DA:2684,0
DA:2687,1
DA:2688,0
DA:2689,0
DA:2692,0
DA:2693,0
DA:2696,0
DA:2699,1
DA:2700,0
DA:2702,0
DA:2703,0
DA:2705,0
DA:2709,0
DA:2712,1
DA:2713,0
DA:2716,1
DA:2719,1
DA:2721,1
DA:2722,0
DA:2723,0
DA:2726,0
DA:2729,1
DA:2730,0
DA:2733,1
DA:2734,0
DA:2737,1
DA:2740,1
DA:2741,1
DA:2743,1
DA:2744,1
DA:2746,1
DA:2750,1
DA:2751,1
DA:2752,7
DA:2754,7
DA:2755,0
DA:2759,1
DA:2762,1
DA:2765,1
DA:2767,27
DA:2769,27
DA:2773,20
DA:2775,20
DA:2778,12
DA:2779,12
DA:2780,12
DA:2783,0
DA:2786,8
DA:2790,0
DA:2795,0
DA:2797,0
DA:2802,0
DA:2803,0
DA:2804,0
DA:2805,0
DA:2807,0
DA:2811,0
DA:2815,1
DA:2816,304
DA:2819,1
DA:2820,152
DA:2823,152
DA:2824,0
DA:2827,152
DA:2828,0
DA:2831,152
DA:2832,4
DA:2838,1
DA:2839,152
DA:2841,152
DA:2842,152
DA:2843,4
DA:2846,148
DA:2847,0
DA:2848,0
DA:2849,0
DA:2853,148
DA:2854,0
DA:2859,148
DA:2861,52
DA:2862,52
DA:2863,52
DA:2864,52
DA:2869,0
DA:2873,0
DA:2879,0
DA:2882,0
DA:2887,52
DA:2889,52
DA:2890,52
DA:2891,52
DA:2893,0
DA:2894,0
DA:2897,0
DA:2898,0
DA:2899,0
DA:2900,0
DA:2902,0
DA:2903,0
DA:2905,0
DA:2907,52
DA:2908,0
DA:2913,52
DA:2914,52
DA:2917,42
DA:2920,52
DA:2921,52
DA:2922,52
DA:2925,52
DA:2926,17
DA:2927,17
DA:2928,0
DA:2931,17
DA:2932,30
DA:2933,30
DA:2934,0
DA:2941,35
DA:2942,35
DA:2944,0
DA:2949,52
DA:2950,52
DA:2953,52
DA:2955,52
DA:2956,83
DA:2958,83
DA:2960,83
DA:2961,0
DA:2965,52
DA:2966,52
DA:2968,52
DA:2970,1
DA:2971,104
DA:2973,0
DA:2974,0
DA:2975,0
DA:2976,0
DA:2979,0
DA:2982,104
DA:2983,70
DA:2986,34
DA:2987,34
DA:2988,60
DA:2989,0
DA:2993,34
DA:2997,1
DA:2998,83
DA:3001,1
DA:3002,0
DA:3005,1
DA:3010,0
DA:3014,1
DA:3015,1
DA:3016,14
DA:3018,14
DA:3025,1
DA:3028,1
DA:3030,1
DA:3031,0
DA:3033,0
DA:3034,0
DA:3037,0
DA:3044,1
DA:3047,1
DA:3048,1
DA:3049,0
DA:3051,0
DA:3058,1
DA:3061,1
DA:3062,1
DA:3063,1
DA:3065,1
DA:3072,1
DA:3075,1
DA:3077,1
DA:3078,0
DA:3080,0
DA:3087,1
DA:3091,1
DA:3093,1
DA:3094,0
DA:3096,0
DA:3103,1
DA:3106,1
DA:3107,1
DA:3108,0
DA:3111,0
DA:3118,1
DA:3120,1
DA:3121,1
DA:3122,0
DA:3125,0
DA:3132,1
DA:3135,1
DA:3137,1
DA:3138,0
DA:3140,0
DA:3144,0
DA:3145,0
DA:3147,0
DA:3150,0
DA:3155,1
DA:3158,1
DA:3160,1
DA:3161,31
DA:3163,31
DA:3170,1
DA:3173,1
DA:3175,1
DA:3176,1
DA:3178,1
DA:3185,1
DA:3188,1
DA:3190,1
DA:3191,3
DA:3193,3
DA:3200,1
DA:3203,1
DA:3204,1
DA:3205,8
DA:3207,8
DA:3210,8
DA:3217,1
DA:3220,1
DA:3222,1
DA:3223,27
DA:3225,27
DA:3227,27
DA:3231,27
DA:3233,27
DA:3238,1
DA:3241,1
DA:3243,1
DA:3245,1
DA:3246,6
DA:3248,6
DA:3250,6
DA:3251,0
DA:3254,6
DA:3255,0
DA:3258,6
DA:3260,6
DA:3264,6
DA:3269,1
DA:3272,1
DA:3274,1
DA:3276,1
DA:3277,0
DA:3279,0
DA:3280,0
DA:3283,0
DA:3286,0
DA:3287,0
DA:3290,0
DA:3291,0
DA:3292,0
DA:3293,0
DA:3294,0
DA:3297,0
DA:3302,1
DA:3305,1
DA:3307,1
DA:3309,1
DA:3310,12
DA:3312,12
DA:3317,12
DA:3318,0
DA:3321,12
DA:3322,0
DA:3323,0
DA:3326,12
DA:3327,12
DA:3328,12
DA:3330,0
DA:3333,12
DA:3338,1
DA:3341,1
DA:3343,1
DA:3345,1
DA:3346,0
DA:3348,0
DA:3349,0
DA:3352,0
DA:3354,0
DA:3361,1
DA:3364,1
DA:3366,1
DA:3368,1
DA:3369,0
DA:3371,0
DA:3375,0
DA:3376,0
DA:3379,0
DA:3380,0
DA:3382,0
DA:3383,0
DA:3386,0
DA:3387,0
DA:3388,0
DA:3391,0
DA:3392,0
DA:3393,0
DA:3395,0
DA:3398,0
DA:3399,0
DA:3400,0
DA:3402,0
DA:3405,0
DA:3410,1
DA:3413,1
DA:3415,1
DA:3417,1
DA:3418,0
DA:3420,0
DA:3425,0
DA:3426,0
DA:3429,0
DA:3431,0
DA:3432,0
DA:3434,0
DA:3435,0
DA:3438,0
DA:3439,0
DA:3440,0
DA:3443,0
DA:3444,0
DA:3445,0
DA:3448,0
DA:3449,0
DA:3450,0
DA:3453,0
DA:3454,0
DA:3455,0
DA:3457,0
DA:3459,0
DA:3460,0
DA:3463,0
DA:3468,1
DA:3469,0
DA:3472,0
DA:3473,0
DA:3474,0
DA:3475,0
DA:3476,0
DA:3478,0
DA:3479,0
DA:3480,0
DA:3481,0
DA:3482,0
DA:3486,0
DA:3487,0
DA:3488,0
DA:3490,0
DA:3494,1
DA:3495,0
DA:3496,0
DA:3498,0
DA:3502,0
DA:3505,0
DA:3508,0
DA:3509,0
DA:3512,0
DA:3515,0
DA:3516,0
DA:3517,0
DA:3518,0
DA:3520,0
DA:3524,0
DA:3527,0
DA:3533,1
DA:3534,0
DA:3537,1
DA:3538,0
DA:3539,0
DA:3542,0
DA:3543,0
DA:3544,0
DA:3548,1
DA:3551,1
DA:3552,1
DA:3554,33
DA:3558,0
DA:3562,0
DA:3566,43
DA:3570,0
DA:3574,0
DA:3578,34
DA:3582,2
DA:3586,0
DA:3590,0
DA:3594,103
DA:3598,0
DA:3602,0
DA:3606,1
DA:3616,1
DA:3617,0
DA:3620,1
DA:3621,0
DA:3624,1
DA:3625,0
DA:3628,1
DA:3631,1
DA:3632,1
LF:1756
LH:1012
BRDA:26,1,0,0
BRDA:26,1,1,1
BRDA:26,2,0,1
BRDA:26,2,1,0
BRDA:26,2,2,0
BRDA:27,3,0,0
BRDA:27,3,1,0
BRDA:34,4,0,0
BRDA:34,4,1,1
BRDA:34,5,0,1
BRDA:34,5,1,1
BRDA:34,5,2,1
BRDA:37,6,0,1
BRDA:37,6,1,1
BRDA:133,7,0,3
BRDA:133,7,1,1
BRDA:159,8,0,0
BRDA:159,8,1,0
BRDA:164,9,0,0
BRDA:164,9,1,0
BRDA:209,10,0,0
BRDA:209,10,1,0
BRDA:209,11,0,0
BRDA:209,11,1,0
BRDA:223,12,0,0
BRDA:223,12,1,19
BRDA:226,13,0,19
BRDA:226,13,1,18
BRDA:231,14,0,0
BRDA:231,14,1,37
BRDA:231,15,0,37
BRDA:231,15,1,0
BRDA:236,16,0,0
BRDA:236,16,1,37
BRDA:236,17,0,37
BRDA:236,17,1,37
BRDA:259,18,0,0
BRDA:259,18,1,0
BRDA:282,19,0,0
BRDA:282,19,1,0
BRDA:290,20,0,76
BRDA:290,20,1,76
BRDA:296,21,0,0
BRDA:296,21,1,0
BRDA:310,22,0,43
BRDA:310,22,1,0
BRDA:312,23,0,43
BRDA:312,23,1,0
BRDA:314,24,0,43
BRDA:314,24,1,0
BRDA:315,25,0,43
BRDA:315,25,1,0
BRDA:316,26,0,43
BRDA:316,26,1,0
BRDA:317,27,0,43
BRDA:317,27,1,0
BRDA:318,28,0,43
BRDA:318,28,1,0
BRDA:319,29,0,43
BRDA:319,29,1,0
BRDA:320,30,0,43
BRDA:320,30,1,43
BRDA:323,31,0,0
BRDA:323,31,1,43
BRDA:339,32,0,103
BRDA:339,32,1,0
BRDA:344,33,0,0
BRDA:344,33,1,0
BRDA:344,34,0,0
BRDA:344,34,1,0
BRDA:359,35,0,0
BRDA:359,35,1,43
BRDA:359,36,0,43
BRDA:359,36,1,43
BRDA:359,36,2,43
BRDA:378,37,0,43
BRDA:378,37,1,0
BRDA:385,38,0,0
BRDA:385,38,1,0
BRDA:390,39,0,0
BRDA:390,39,1,0
BRDA:409,40,0,0
BRDA:409,40,1,0
BRDA:420,41,0,0
BRDA:420,41,1,43
BRDA:420,42,0,43
BRDA:420,42,1,43
BRDA:424,43,0,0
BRDA:424,43,1,43
BRDA:428,44,0,0
BRDA:428,44,1,43
BRDA:454,45,0,0
BRDA:454,45,1,0
BRDA:454,45,2,0
BRDA:460,46,0,0
BRDA:460,46,1,1
BRDA:460,47,0,1
BRDA:460,47,1,0
BRDA:468,48,0,1
BRDA:468,48,1,0
BRDA:469,49,0,1
BRDA:469,49,1,1
BRDA:470,50,0,0
BRDA:470,50,1,1
BRDA:513,51,0,1
BRDA:513,51,1,1
BRDA:516,52,0,1
BRDA:516,52,1,1
BRDA:540,53,0,362
BRDA:540,53,1,68
BRDA:557,54,0,0
BRDA:557,54,1,0
BRDA:564,55,0,0
BRDA:564,55,1,0
BRDA:602,56,0,76
BRDA:602,56,1,1
BRDA:638,57,0,86
BRDA:638,57,1,0
BRDA:669,58,0,3
BRDA:669,58,1,74
BRDA:678,59,0,0
BRDA:678,59,1,0
BRDA:698,60,0,0
BRDA:698,60,1,0
BRDA:706,61,0,77
BRDA:706,61,1,77
BRDA:728,62,0,1
BRDA:728,62,1,0
BRDA:729,63,0,0
BRDA:729,63,1,1
BRDA:751,64,0,33
BRDA:751,64,1,0
BRDA:762,65,0,0
BRDA:762,65,1,1
BRDA:792,66,0,0
BRDA:792,66,1,78
BRDA:822,67,0,0
BRDA:822,67,1,33
BRDA:825,68,0,0
BRDA:825,68,1,33
BRDA:864,69,0,0
BRDA:864,69,1,33
BRDA:875,70,0,0
BRDA:875,70,1,0
BRDA:886,71,0,0
BRDA:886,71,1,0
BRDA:888,72,0,0
BRDA:888,72,1,0
BRDA:913,73,0,0
BRDA:913,73,1,0
BRDA:918,74,0,0
BRDA:918,74,1,43
BRDA:939,75,0,0
BRDA:939,75,1,43
BRDA:961,76,0,0
BRDA:961,76,1,103
BRDA:971,77,0,0
BRDA:971,77,1,0
BRDA:978,78,0,0
BRDA:978,78,1,0
BRDA:985,79,0,0
BRDA:985,79,1,0
BRDA:992,80,0,0
BRDA:992,80,1,0
BRDA:998,81,0,0
BRDA:998,81,1,0
BRDA:1006,82,0,0
BRDA:1006,82,1,0
BRDA:1008,83,0,0
BRDA:1008,83,1,0
BRDA:1017,84,0,0
BRDA:1017,84,1,0
BRDA:1017,85,0,0
BRDA:1017,85,1,0
BRDA:1033,86,0,1
BRDA:1033,86,1,0
BRDA:1116,87,0,0
BRDA:1116,87,1,0
BRDA:1126,88,0,0
BRDA:1126,88,1,49
BRDA:1142,89,0,0
BRDA:1142,89,1,0
BRDA:1200,90,0,0
BRDA:1200,90,1,0
BRDA:1234,91,0,0
BRDA:1234,91,1,0
BRDA:1235,92,0,0
BRDA:1235,92,1,0
BRDA:1244,93,0,0
BRDA:1244,93,1,0
BRDA:1245,94,0,0
BRDA:1245,94,1,0
BRDA:1262,95,0,0
BRDA:1262,95,1,0
BRDA:1272,96,0,0
BRDA:1272,96,1,0
BRDA:1272,96,2,0
BRDA:1272,96,3,0
BRDA:1280,97,0,0
BRDA:1280,97,1,0
BRDA:1322,98,0,0
BRDA:1322,98,1,0
BRDA:1331,99,0,0
BRDA:1331,99,1,0
BRDA:1339,100,0,0
BRDA:1339,100,1,0
BRDA:1340,101,0,0
BRDA:1340,101,1,0
BRDA:1341,102,0,0
BRDA:1341,102,1,0
BRDA:1352,103,0,0
BRDA:1352,103,1,0
BRDA:1372,104,0,0
BRDA:1372,104,1,0
BRDA:1373,105,0,0
BRDA:1373,105,1,0
BRDA:1393,106,0,0
BRDA:1393,106,1,0
BRDA:1408,107,0,0
BRDA:1408,107,1,0
BRDA:1429,108,0,0
BRDA:1429,108,1,0
BRDA:1430,109,0,0
BRDA:1430,109,1,0
BRDA:1430,110,0,0
BRDA:1430,110,1,0
BRDA:1445,111,0,0
BRDA:1445,111,1,0
BRDA:1451,112,0,0
BRDA:1451,112,1,0
BRDA:1453,113,0,0
BRDA:1453,113,1,0
BRDA:1453,113,2,0
BRDA:1469,114,0,0
BRDA:1469,114,1,0
BRDA:1469,115,0,0
BRDA:1469,115,1,0
BRDA:1475,116,0,0
BRDA:1475,116,1,0
BRDA:1475,117,0,0
BRDA:1475,117,1,0
BRDA:1476,118,0,0
BRDA:1476,118,1,0
BRDA:1479,119,0,0
BRDA:1479,119,1,0
BRDA:1479,120,0,0
BRDA:1479,120,1,0
BRDA:1480,121,0,0
BRDA:1480,121,1,0
BRDA:1487,122,0,0
BRDA:1487,122,1,0
BRDA:1497,123,0,206
BRDA:1497,123,1,0
BRDA:1498,124,0,206
BRDA:1498,124,1,0
BRDA:1500,125,0,206
BRDA:1500,125,1,0
BRDA:1503,126,0,206
BRDA:1503,126,1,0
BRDA:1526,127,0,0
BRDA:1526,127,1,103
BRDA:1527,128,0,0
BRDA:1527,128,1,0
BRDA:1532,129,0,0
BRDA:1532,129,1,103
BRDA:1533,130,0,0
BRDA:1533,130,1,0
BRDA:1538,131,0,0
BRDA:1538,131,1,0
BRDA:1546,132,0,60
BRDA:1546,132,1,43
BRDA:1573,133,0,103
BRDA:1573,133,1,0
BRDA:1591,134,0,103
BRDA:1591,134,1,0
BRDA:1592,135,0,103
BRDA:1592,135,1,0
BRDA:1601,136,0,0
BRDA:1601,136,1,103
BRDA:1609,137,0,103
BRDA:1609,137,1,0
BRDA:1611,138,0,0
BRDA:1611,138,1,0
BRDA:1613,139,0,0
BRDA:1613,139,1,0
BRDA:1620,140,0,103
BRDA:1620,140,1,0
BRDA:1625,141,0,0
BRDA:1625,141,1,0
BRDA:1644,142,0,0
BRDA:1644,142,1,1
BRDA:1644,143,0,1
BRDA:1644,143,1,1
BRDA:1654,144,0,0
BRDA:1654,144,1,0
BRDA:1664,145,0,0
BRDA:1664,145,1,0
BRDA:1678,146,0,0
BRDA:1678,146,1,0
BRDA:1678,146,2,0
BRDA:1678,146,3,0
BRDA:1678,146,4,0
BRDA:1678,146,5,0
BRDA:1678,146,6,0
BRDA:1678,146,7,0
BRDA:1705,147,0,0
BRDA:1705,147,1,0
BRDA:1732,148,0,0
BRDA:1732,148,1,0
BRDA:1734,149,0,0
BRDA:1734,149,1,0
BRDA:1736,150,0,0
BRDA:1736,150,1,0
BRDA:1736,151,0,0
BRDA:1736,151,1,0
BRDA:1738,152,0,0
BRDA:1738,152,1,0
BRDA:1740,153,0,0
BRDA:1740,153,1,0
BRDA:1742,154,0,0
BRDA:1742,154,1,0
BRDA:1744,155,0,0
BRDA:1744,155,1,0
BRDA:1746,156,0,0
BRDA:1746,156,1,0
BRDA:1748,157,0,0
BRDA:1748,157,1,0
BRDA:1750,158,0,0
BRDA:1750,158,1,0
BRDA:1752,159,0,0
BRDA:1752,159,1,0
BRDA:1754,160,0,0
BRDA:1754,160,1,0
BRDA:1754,161,0,0
BRDA:1754,161,1,0
BRDA:1754,161,2,0
BRDA:1754,161,3,0
BRDA:1756,162,0,0
BRDA:1756,162,1,0
BRDA:1757,163,0,0
BRDA:1757,163,1,0
BRDA:1758,164,0,0
BRDA:1758,164,1,0
BRDA:1758,165,0,0
BRDA:1758,165,1,0
BRDA:1760,166,0,0
BRDA:1760,166,1,0
BRDA:1776,167,0,0
BRDA:1776,167,1,0
BRDA:1777,168,0,0
BRDA:1777,168,1,0
BRDA:1777,169,0,0
BRDA:1777,169,1,0
BRDA:1804,170,0,0
BRDA:1804,170,1,0
BRDA:1811,171,0,0
BRDA:1811,171,1,0
BRDA:1816,172,0,0
BRDA:1816,172,1,0
BRDA:1823,173,0,0
BRDA:1823,173,1,0
BRDA:1827,174,0,0
BRDA:1827,174,1,0
BRDA:1840,175,0,0
BRDA:1840,175,1,0
BRDA:1843,176,0,0
BRDA:1843,176,1,0
BRDA:1852,177,0,0
BRDA:1852,177,1,0
BRDA:1867,178,0,0
BRDA:1867,178,1,0
BRDA:1890,179,0,76
BRDA:1890,179,1,0
BRDA:1899,180,0,77
BRDA:1899,180,1,0
BRDA:1900,181,0,77
BRDA:1900,181,1,0
BRDA:1901,182,0,77
BRDA:1901,182,1,0
BRDA:1902,183,0,77
BRDA:1902,183,1,0
BRDA:1903,184,0,77
BRDA:1903,184,1,0
BRDA:1904,185,0,77
BRDA:1904,185,1,0
BRDA:1905,186,0,77
BRDA:1905,186,1,0
BRDA:1906,187,0,77
BRDA:1906,187,1,0
BRDA:1921,188,0,76
BRDA:1921,188,1,274
BRDA:1931,189,0,77
BRDA:1931,189,1,0
BRDA:1958,190,0,0
BRDA:1958,190,1,76
BRDA:1980,191,0,0
BRDA:1980,191,1,0
BRDA:1994,192,0,1
BRDA:1994,192,1,0
BRDA:2020,193,0,0
BRDA:2020,193,1,154
BRDA:2020,194,0,154
BRDA:2020,194,1,0
BRDA:2025,195,0,154
BRDA:2025,195,1,0
BRDA:2041,196,0,1
BRDA:2041,196,1,0
BRDA:2042,197,0,1
BRDA:2042,197,1,0
BRDA:2050,198,0,0
BRDA:2050,198,1,1
BRDA:2054,199,0,0
BRDA:2054,199,1,1
BRDA:2058,200,0,0
BRDA:2058,200,1,1
BRDA:2062,201,0,0
BRDA:2062,201,1,1
BRDA:2062,202,0,1
BRDA:2062,202,1,1
BRDA:2063,203,0,0
BRDA:2063,203,1,0
BRDA:2077,204,0,0
BRDA:2077,204,1,1
BRDA:2077,205,0,1
BRDA:2077,205,1,1
BRDA:2077,206,0,1
BRDA:2077,206,1,0
BRDA:2085,207,0,1
BRDA:2085,207,1,0
BRDA:2119,208,0,77
BRDA:2119,208,1,0
BRDA:2121,209,0,77
BRDA:2121,209,1,0
BRDA:2122,210,0,77
BRDA:2122,210,1,76
BRDA:2123,211,0,77
BRDA:2123,211,1,0
BRDA:2155,212,0,0
BRDA:2155,212,1,0
BRDA:2163,213,0,0
BRDA:2163,213,1,4
BRDA:2212,214,0,253
BRDA:2212,214,1,120
BRDA:2248,215,0,0
BRDA:2248,215,1,33
BRDA:2252,216,0,0
BRDA:2252,216,1,33
BRDA:2256,217,0,0
BRDA:2256,217,1,33
BRDA:2268,218,0,34
BRDA:2268,218,1,34
BRDA:2277,219,0,34
BRDA:2277,219,1,76
BRDA:2278,220,0,33
BRDA:2278,220,1,1
BRDA:2289,221,0,0
BRDA:2289,221,1,0
BRDA:2293,222,0,0
BRDA:2293,222,1,0
BRDA:2311,223,0,0
BRDA:2311,223,1,0
BRDA:2311,224,0,0
BRDA:2311,224,1,0
BRDA:2314,225,0,0
BRDA:2314,225,1,0
BRDA:2330,226,0,0
BRDA:2330,226,1,0
BRDA:2340,227,0,0
BRDA:2340,227,1,0
BRDA:2351,228,0,0
BRDA:2351,228,1,1
BRDA:2351,229,0,1
BRDA:2351,229,1,0
BRDA:2361,230,0,1
BRDA:2361,230,1,1
BRDA:2363,231,0,1
BRDA:2363,231,1,1
BRDA:2383,232,0,1
BRDA:2383,232,1,0
BRDA:2384,233,0,1
BRDA:2384,233,1,0
BRDA:2385,234,0,1
BRDA:2385,234,1,0
BRDA:2398,235,0,0
BRDA:2398,235,1,1
BRDA:2402,236,0,0
BRDA:2402,236,1,1
BRDA:2420,237,0,1
BRDA:2420,237,1,76
BRDA:2429,238,0,1
BRDA:2429,238,1,76
BRDA:2433,239,0,77
BRDA:2433,239,1,77
BRDA:2435,240,0,43
BRDA:2435,240,1,34
BRDA:2437,241,0,43
BRDA:2437,241,1,43
BRDA:2456,242,0,0
BRDA:2456,242,1,76
BRDA:2462,243,0,76
BRDA:2462,243,1,34
BRDA:2471,244,0,0
BRDA:2471,244,1,34
BRDA:2471,245,0,34
BRDA:2471,245,1,0
BRDA:2478,246,0,76
BRDA:2478,246,1,1
BRDA:2482,247,0,76
BRDA:2482,247,1,1
BRDA:2492,248,0,76
BRDA:2492,248,1,0
BRDA:2492,248,2,0
BRDA:2500,249,0,0
BRDA:2500,249,1,76
BRDA:2525,250,0,76
BRDA:2525,250,1,0
BRDA:2541,251,0,33
BRDA:2541,251,1,43
BRDA:2574,252,0,0
BRDA:2574,252,1,34
BRDA:2588,253,0,0
BRDA:2588,253,1,4
BRDA:2598,254,0,0
BRDA:2598,254,1,4
BRDA:2599,255,0,0
BRDA:2599,255,1,0
BRDA:2602,256,0,0
BRDA:2602,256,1,4
BRDA:2603,257,0,0
BRDA:2603,257,1,0
BRDA:2606,258,0,4
BRDA:2606,258,1,0
BRDA:2607,259,0,4
BRDA:2607,259,1,0
BRDA:2610,260,0,0
BRDA:2610,260,1,0
BRDA:2614,261,0,0
BRDA:2614,261,1,0
BRDA:2633,262,0,0
BRDA:2633,262,1,0
BRDA:2650,263,0,0
BRDA:2650,263,1,0
BRDA:2654,264,0,0
BRDA:2654,264,1,0
BRDA:2676,265,0,0
BRDA:2676,265,1,0
BRDA:2680,266,0,0
BRDA:2680,266,1,0
BRDA:2688,267,0,0
BRDA:2688,267,1,0
BRDA:2692,268,0,0
BRDA:2692,268,1,0
BRDA:2700,269,0,0
BRDA:2700,269,1,0
BRDA:2703,270,0,0
BRDA:2703,270,1,0
BRDA:2703,271,0,0
BRDA:2703,271,1,0
BRDA:2722,272,0,0
BRDA:2722,272,1,0
BRDA:2722,273,0,0
BRDA:2722,273,1,0
BRDA:2752,274,0,7
BRDA:2752,274,1,0
BRDA:2767,275,0,27
BRDA:2767,275,1,0
BRDA:2773,276,0,20
BRDA:2773,276,1,0
BRDA:2775,277,0,12
BRDA:2775,277,1,8
BRDA:2775,278,0,20
BRDA:2775,278,1,8
BRDA:2775,278,2,8
BRDA:2779,279,0,12
BRDA:2779,279,1,0
BRDA:2786,280,0,8
BRDA:2786,280,1,8
BRDA:2799,281,0,0
BRDA:2799,281,1,0
BRDA:2802,282,0,0
BRDA:2802,282,1,0
BRDA:2804,283,0,0
BRDA:2804,283,1,0
BRDA:2816,284,0,304
BRDA:2816,284,1,302
BRDA:2823,285,0,0
BRDA:2823,285,1,152
BRDA:2823,286,0,152
BRDA:2823,286,1,0
BRDA:2827,287,0,0
BRDA:2827,287,1,152
BRDA:2831,288,0,4
BRDA:2831,288,1,148
BRDA:2842,289,0,4
BRDA:2842,289,1,148
BRDA:2848,290,0,0
BRDA:2848,290,1,0
BRDA:2853,291,0,0
BRDA:2853,291,1,148
BRDA:2853,292,0,148
BRDA:2853,292,1,0
BRDA:2859,293,0,96
BRDA:2859,293,1,52
BRDA:2859,294,0,96
BRDA:2859,294,1,0
BRDA:2861,295,0,0
BRDA:2861,295,1,52
BRDA:2861,296,0,52
BRDA:2861,296,1,52
BRDA:2863,297,0,0
BRDA:2863,297,1,52
BRDA:2864,298,0,0
BRDA:2864,298,1,0
BRDA:2864,298,2,0
BRDA:2864,298,3,0
BRDA:2864,298,4,0
BRDA:2873,299,0,0
BRDA:2873,299,1,0
BRDA:2873,300,0,0
BRDA:2873,300,1,0
BRDA:2882,301,0,0
BRDA:2882,301,1,0
BRDA:2882,301,2,0
BRDA:2882,301,3,0
BRDA:2887,302,0,0
BRDA:2887,302,1,52
BRDA:2887,303,0,52
BRDA:2887,303,1,52
BRDA:2891,304,0,0
BRDA:2891,304,1,52
BRDA:2891,305,0,52
BRDA:2891,305,1,0
BRDA:2893,306,0,0
BRDA:2893,306,1,0
BRDA:2899,307,0,0
BRDA:2899,307,1,0
BRDA:2899,308,0,0
BRDA:2899,308,1,0
BRDA:2902,309,0,0
BRDA:2902,309,1,0
BRDA:2902,310,0,0
BRDA:2902,310,1,0
BRDA:2905,311,0,0
BRDA:2905,311,1,0
BRDA:2907,312,0,0
BRDA:2907,312,1,52
BRDA:2907,313,0,52
BRDA:2907,313,1,52
BRDA:2917,314,0,0
BRDA:2917,314,1,42
BRDA:2925,315,0,17
BRDA:2925,315,1,35
BRDA:2927,316,0,0
BRDA:2927,316,1,17
BRDA:2933,317,0,0
BRDA:2933,317,1,30
BRDA:2942,318,0,0
BRDA:2942,318,1,35
BRDA:2942,319,0,35
BRDA:2942,319,1,0
BRDA:2942,320,0,0
BRDA:2942,320,1,0
BRDA:2953,321,0,0
BRDA:2953,321,1,52
BRDA:2958,322,0,83
BRDA:2958,322,1,83
BRDA:2960,323,0,0
BRDA:2960,323,1,83
BRDA:2971,324,0,104
BRDA:2971,324,1,0
BRDA:2975,325,0,0
BRDA:2975,325,1,0
BRDA:2982,326,0,70
BRDA:2982,326,1,34
BRDA:2988,327,0,0
BRDA:2988,327,1,60
BRDA:3010,328,0,0
BRDA:3010,328,1,0
BRDA:3033,329,0,0
BRDA:3033,329,1,0
BRDA:3034,330,0,0
BRDA:3034,330,1,0
BRDA:3144,331,0,0
BRDA:3144,331,1,0
BRDA:3205,332,0,8
BRDA:3205,332,1,0
BRDA:3223,333,0,27
BRDA:3223,333,1,0
BRDA:3250,334,0,0
BRDA:3250,334,1,6
BRDA:3254,335,0,0
BRDA:3254,335,1,6
BRDA:3260,336,0,6
BRDA:3260,336,1,0
BRDA:3279,337,0,0
BRDA:3279,337,1,0
BRDA:3286,338,0,0
BRDA:3286,338,1,0
BRDA:3292,339,0,0
BRDA:3292,339,1,0
BRDA:3294,340,0,0
BRDA:3294,340,1,0
BRDA:3317,341,0,0
BRDA:3317,341,1,12
BRDA:3321,342,0,0
BRDA:3321,342,1,12
BRDA:3326,343,0,12
BRDA:3326,343,1,0
BRDA:3348,344,0,0
BRDA:3348,344,1,0
BRDA:3348,345,0,0
BRDA:3348,345,1,0
BRDA:3375,346,0,0
BRDA:3375,346,1,0
BRDA:3386,347,0,0
BRDA:3386,347,1,0
BRDA:3391,348,0,0
BRDA:3391,348,1,0
BRDA:3398,349,0,0
BRDA:3398,349,1,0
BRDA:3425,350,0,0
BRDA:3425,350,1,0
BRDA:3438,351,0,0
BRDA:3438,351,1,0
BRDA:3443,352,0,0
BRDA:3443,352,1,0
BRDA:3448,353,0,0
BRDA:3448,353,1,0
BRDA:3453,354,0,0
BRDA:3453,354,1,0
BRDA:3472,355,0,0
BRDA:3472,355,1,0
BRDA:3474,356,0,0
BRDA:3474,356,1,0
BRDA:3478,357,0,0
BRDA:3478,357,1,0
BRDA:3481,358,0,0
BRDA:3481,358,1,0
BRDA:3486,359,0,0
BRDA:3486,359,1,0
BRDA:3486,360,0,0
BRDA:3486,360,1,0
BRDA:3487,361,0,0
BRDA:3487,361,1,0
BRDA:3495,362,0,0
BRDA:3495,362,1,0
BRDA:3503,363,0,0
BRDA:3503,363,1,0
BRDA:3505,364,0,0
BRDA:3505,364,1,0
BRDA:3508,365,0,0
BRDA:3508,365,1,0
BRDA:3515,366,0,0
BRDA:3515,366,1,0
BRDA:3517,367,0,0
BRDA:3517,367,1,0
BRDA:3524,368,0,0
BRDA:3524,368,1,0
BRDA:3527,369,0,0
BRDA:3527,369,1,0
BRDA:3527,369,2,0
BRDA:3527,369,3,0
BRDA:3534,370,0,0
BRDA:3534,370,1,0
BRDA:3538,371,0,0
BRDA:3538,371,1,0
BRF:766
BRH:239
end_of_record
TN:
SF:C:\Users\mdyuong\Documents\test\node_modules\karma-jasmine\lib\boot.js
FN:6,(anonymous_1)
FNF:1
FNH:1
FNDA:1,(anonymous_1)
DA:6,1
DA:14,1
DA:19,1
DA:25,1
DA:26,1
DA:27,1
DA:28,1
DA:36,1
DA:37,16
DA:38,16
LF:10
LH:10
BRDA:37,1,0,16
BRDA:37,1,1,0
BRDA:41,2,0,1
BRDA:41,2,1,0
BRF:4
BRH:2
end_of_record
TN:
SF:C:\Users\mdyuong\Documents\test\node_modules\karma-jasmine\lib\adapter.js
FN:1,(anonymous_1)
FN:11,isExternalStackEntry
FN:24,getRelevantStackFrom
FN:63,formatFailedStep
FN:117,SuiteNode
FN:122,(anonymous_6)
FN:129,processSuite
FN:148,getAllSpecNames
FN:159,KarmaReporter
FN:166,isTopLevelSuite
FN:181,(anonymous_11)
FN:189,(anonymous_12)
FN:195,(anonymous_13)
FN:201,(anonymous_14)
FN:211,(anonymous_15)
FN:215,(anonymous_16)
FN:253,(anonymous_17)
FN:263,(anonymous_18)
FN:265,(anonymous_19)
FN:279,(anonymous_20)
FN:283,(anonymous_21)
FN:292,(anonymous_22)
FN:294,(anonymous_23)
FN:299,(anonymous_24)
FN:314,createStartFn
FN:316,(anonymous_26)
FN:325,indexOf
FN:339,filter
FN:351,map
FNF:29
FNH:24
FNDA:1,(anonymous_1)
FNDA:0,isExternalStackEntry
FNDA:0,getRelevantStackFrom
FNDA:0,formatFailedStep
FNDA:34,SuiteNode
FNDA:33,(anonymous_6)
FNDA:34,processSuite
FNDA:1,getAllSpecNames
FNDA:1,KarmaReporter
FNDA:33,isTopLevelSuite
FNDA:1,(anonymous_11)
FNDA:1,(anonymous_12)
FNDA:33,(anonymous_13)
FNDA:33,(anonymous_14)
FNDA:43,(anonymous_15)
FNDA:43,(anonymous_16)
FNDA:1,(anonymous_17)
FNDA:0,(anonymous_18)
FNDA:0,(anonymous_19)
FNDA:1,(anonymous_20)
FNDA:43,(anonymous_21)
FNDA:1,(anonymous_22)
FNDA:1,(anonymous_23)
FNDA:43,(anonymous_24)
FNDA:1,createStartFn
FNDA:1,(anonymous_26)
FNDA:1,indexOf
FNDA:1,filter
FNDA:1,map
DA:1,1
DA:11,1
DA:12,0
DA:24,1
DA:25,0
DA:28,0
DA:30,0
DA:31,0
DA:32,0
DA:38,0
DA:39,0
DA:42,0
DA:43,0
DA:44,0
DA:48,0
DA:63,1
DA:66,0
DA:68,0
DA:69,0
DA:73,0
DA:75,0
DA:81,0
DA:82,0
DA:85,0
DA:89,0
DA:94,0
DA:96,0
DA:101,0
DA:104,0
DA:114,0
DA:117,1
DA:118,34
DA:119,34
DA:120,34
DA:122,34
DA:123,33
DA:124,33
DA:125,33
DA:129,1
DA:130,34
DA:131,34
DA:133,34
DA:134,76
DA:136,76
DA:137,33
DA:138,33
DA:140,43
DA:141,0
DA:143,43
DA:148,1
DA:149,1
DA:151,1
DA:153,1
DA:159,1
DA:160,1
DA:166,1
DA:167,33
DA:181,1
DA:183,1
DA:189,1
DA:190,1
DA:195,1
DA:196,33
DA:197,33
DA:201,1
DA:204,33
DA:205,0
DA:208,33
DA:211,1
DA:212,43
DA:215,1
DA:216,43
DA:218,43
DA:230,43
DA:231,43
DA:232,98
DA:233,98
DA:236,43
DA:237,0
DA:238,0
DA:239,0
DA:243,43
DA:244,43
DA:253,1
DA:254,1
DA:256,1
DA:257,1
DA:259,1
DA:260,0
DA:263,1
DA:264,0
DA:266,0
DA:268,0
DA:269,0
DA:271,0
DA:279,1
DA:280,1
DA:281,1
DA:283,1
DA:284,43
DA:292,1
DA:293,1
DA:295,1
DA:299,1
DA:300,43
DA:314,1
DA:316,1
DA:317,1
DA:319,1
DA:320,1
DA:325,1
DA:326,1
DA:327,1
DA:330,0
DA:331,0
DA:332,0
DA:333,0
DA:334,0
DA:335,0
DA:336,0
DA:339,1
DA:340,1
DA:341,1
DA:344,0
DA:345,0
DA:346,0
DA:347,0
DA:348,0
DA:351,1
DA:352,1
DA:353,1
DA:356,0
DA:357,0
DA:358,0
DA:359,0
DA:360,0
DA:364,1
DA:365,1
LF:138
LH:84
BRDA:12,1,0,0
BRDA:12,1,1,0
BRDA:12,1,2,0
BRDA:12,2,0,0
BRDA:12,2,1,0
BRDA:31,3,0,0
BRDA:31,3,1,0
BRDA:38,4,0,0
BRDA:38,4,1,0
BRDA:43,5,0,0
BRDA:43,5,1,0
BRDA:66,6,0,0
BRDA:66,6,1,0
BRDA:82,7,0,0
BRDA:82,7,1,0
BRDA:82,8,0,0
BRDA:82,8,1,0
BRDA:94,9,0,0
BRDA:94,9,1,0
BRDA:101,10,0,0
BRDA:101,10,1,0
BRDA:101,11,0,0
BRDA:101,11,1,0
BRDA:136,12,0,33
BRDA:136,12,1,43
BRDA:140,13,0,0
BRDA:140,13,1,43
BRDA:196,14,0,33
BRDA:196,14,1,0
BRDA:204,15,0,0
BRDA:204,15,1,33
BRDA:216,16,0,43
BRDA:216,16,1,43
BRDA:225,17,0,0
BRDA:225,17,1,43
BRDA:236,18,0,0
BRDA:236,18,1,43
BRDA:256,19,0,1
BRDA:256,19,1,0
BRDA:259,20,0,0
BRDA:259,20,1,1
BRDA:263,21,0,1
BRDA:263,21,1,1
BRDA:268,22,0,0
BRDA:268,22,1,0
BRDA:271,23,0,0
BRDA:271,23,1,0
BRDA:280,24,0,1
BRDA:280,24,1,1
BRDA:280,24,2,0
BRDA:317,25,0,1
BRDA:317,25,1,1
BRDA:326,26,0,1
BRDA:326,26,1,0
BRDA:330,27,0,0
BRDA:330,27,1,0
BRDA:331,28,0,0
BRDA:331,28,1,0
BRDA:332,29,0,0
BRDA:332,29,1,0
BRDA:334,30,0,0
BRDA:334,30,1,0
BRDA:334,31,0,0
BRDA:334,31,1,0
BRDA:340,32,0,1
BRDA:340,32,1,0
BRDA:346,33,0,0
BRDA:346,33,1,0
BRDA:346,34,0,0
BRDA:346,34,1,0
BRDA:352,35,0,1
BRDA:352,35,1,0
BRDA:358,36,0,0
BRDA:358,36,1,0
BRDA:367,37,0,1
BRDA:367,37,1,0
BRF:76
BRH:21
end_of_record
TN:
SF:C:\Users\mdyuong\Documents\test\src\main\webapp\bower_components\jquery\dist\jquery.js
FN:15,(anonymous_1)
FN:30,(anonymous_2)
FN:41,(anonymous_3)
FN:77,DOMEval
FN:95,(anonymous_5)
FN:111,(anonymous_6)
FN:125,(anonymous_7)
FN:131,(anonymous_8)
FN:143,(anonymous_9)
FN:156,(anonymous_10)
FN:160,(anonymous_11)
FN:161,(anonymous_12)
FN:166,(anonymous_13)
FN:170,(anonymous_14)
FN:174,(anonymous_15)
FN:178,(anonymous_16)
FN:184,(anonymous_17)
FN:195,(anonymous_18)
FN:272,(anonymous_19)
FN:276,(anonymous_20)
FN:278,(anonymous_21)
FN:284,(anonymous_22)
FN:288,(anonymous_23)
FN:302,(anonymous_24)
FN:323,(anonymous_25)
FN:335,(anonymous_26)
FN:347,(anonymous_27)
FN:354,(anonymous_28)
FN:358,(anonymous_29)
FN:362,(anonymous_30)
FN:384,(anonymous_31)
FN:391,(anonymous_32)
FN:408,(anonymous_33)
FN:414,(anonymous_34)
FN:428,(anonymous_35)
FN:448,(anonymous_36)
FN:484,(anonymous_37)
FN:501,(anonymous_38)
FN:524,(anonymous_39)
FN:528,isArrayLike
FN:555,(anonymous_41)
FN:587,(anonymous_42)
FN:603,(anonymous_43)
FN:683,(anonymous_44)
FN:700,(anonymous_45)
FN:720,(anonymous_46)
FN:725,(anonymous_47)
FN:744,(anonymous_48)
FN:750,(anonymous_49)
FN:760,Sizzle
FN:899,createCache
FN:902,cache
FN:917,markFunction
FN:926,assert
FN:948,addHandle
FN:963,siblingCheck
FN:989,createInputPseudo
FN:990,(anonymous_58)
FN:1000,createButtonPseudo
FN:1001,(anonymous_60)
FN:1011,createDisabledPseudo
FN:1015,(anonymous_62)
FN:1039,createPositionalPseudo
FN:1040,(anonymous_64)
FN:1042,(anonymous_65)
FN:1062,testContext
FN:1074,(anonymous_67)
FN:1086,(anonymous_68)
FN:1121,(anonymous_69)
FN:1130,(anonymous_70)
FN:1142,(anonymous_71)
FN:1149,(anonymous_72)
FN:1155,(anonymous_73)
FN:1157,(anonymous_74)
FN:1166,(anonymous_75)
FN:1168,(anonymous_76)
FN:1178,(anonymous_77)
FN:1188,(anonymous_78)
FN:1209,(anonymous_79)
FN:1233,(anonymous_80)
FN:1277,(anonymous_81)
FN:1318,(anonymous_82)
FN:1341,(anonymous_83)
FN:1350,(anonymous_84)
FN:1366,(anonymous_85)
FN:1407,(anonymous_86)
FN:1464,(anonymous_87)
FN:1468,(anonymous_88)
FN:1498,(anonymous_89)
FN:1506,(anonymous_90)
FN:1527,(anonymous_91)
FN:1531,(anonymous_92)
FN:1539,(anonymous_93)
FN:1572,(anonymous_94)
FN:1624,(anonymous_95)
FN:1637,(anonymous_96)
FN:1669,(anonymous_97)
FN:1700,(anonymous_98)
FN:1703,(anonymous_99)
FN:1704,(anonymous_100)
FN:1709,(anonymous_101)
FN:1714,(anonymous_102)
FN:1719,(anonymous_103)
FN:1720,(anonymous_104)
FN:1743,(anonymous_105)
FN:1751,(anonymous_106)
FN:1755,(anonymous_107)
FN:1872,(anonymous_108)
FN:1892,(anonymous_109)
FN:1901,(anonymous_110)
FN:1912,(anonymous_111)
FN:1921,(anonymous_112)
FN:1933,(anonymous_113)
FN:1942,(anonymous_114)
FN:1943,(anonymous_115)
FN:1948,(anonymous_116)
FN:1950,(anonymous_117)
FN:1962,(anonymous_118)
FN:1968,(anonymous_119)
FN:1984,(anonymous_120)
FN:1989,(anonymous_121)
FN:1993,(anonymous_122)
FN:2001,(anonymous_123)
FN:2008,(anonymous_124)
FN:2019,(anonymous_125)
FN:2032,(anonymous_126)
FN:2037,(anonymous_127)
FN:2041,(anonymous_128)
FN:2045,(anonymous_129)
FN:2050,(anonymous_130)
FN:2061,(anonymous_131)
FN:2065,(anonymous_132)
FN:2069,(anonymous_133)
FN:2073,(anonymous_134)
FN:2081,(anonymous_135)
FN:2089,(anonymous_136)
FN:2097,(anonymous_137)
FN:2118,setFilters
FN:2122,(anonymous_139)
FN:2189,toSelector
FN:2199,addCombinator
FN:2208,(anonymous_142)
FN:2217,(anonymous_143)
FN:2261,elementMatcher
FN:2263,(anonymous_145)
FN:2275,multipleContexts
FN:2284,condense
FN:2305,setMatcher
FN:2312,(anonymous_149)
FN:2398,matcherFromTokens
FN:2406,(anonymous_151)
FN:2409,(anonymous_152)
FN:2412,(anonymous_153)
FN:2456,matcherFromGroupMatchers
FN:2459,(anonymous_155)
FN:2567,(anonymous_156)
FN:2606,(anonymous_157)
FN:2691,(anonymous_158)
FN:2699,(anonymous_159)
FN:2703,(anonymous_160)
FN:2712,(anonymous_161)
FN:2717,(anonymous_162)
FN:2726,(anonymous_163)
FN:2729,(anonymous_164)
FN:2760,(anonymous_165)
FN:2776,(anonymous_166)
FN:2798,winnow
FN:2800,(anonymous_168)
FN:2807,(anonymous_169)
FN:2821,(anonymous_170)
FN:2826,(anonymous_171)
FN:2835,(anonymous_172)
FN:2841,(anonymous_173)
FN:2847,(anonymous_174)
FN:2864,(anonymous_175)
FN:2867,(anonymous_176)
FN:2870,(anonymous_177)
FN:2897,(anonymous_178)
FN:3014,(anonymous_179)
FN:3018,(anonymous_180)
FN:3028,(anonymous_181)
FN:3059,(anonymous_182)
FN:3079,(anonymous_183)
FN:3087,(anonymous_184)
FN:3094,sibling
FN:3100,(anonymous_186)
FN:3104,(anonymous_187)
FN:3107,(anonymous_188)
FN:3110,(anonymous_189)
FN:3113,(anonymous_190)
FN:3116,(anonymous_191)
FN:3119,(anonymous_192)
FN:3122,(anonymous_193)
FN:3125,(anonymous_194)
FN:3128,(anonymous_195)
FN:3131,(anonymous_196)
FN:3134,(anonymous_197)
FN:3137,(anonymous_198)
FN:3138,(anonymous_199)
FN:3170,createOptions
FN:3172,(anonymous_201)
FN:3200,(anonymous_202)
FN:3230,(anonymous_203)
FN:3278,(anonymous_204)
FN:3287,add
FN:3288,(anonymous_206)
FN:3309,(anonymous_207)
FN:3310,(anonymous_208)
FN:3326,(anonymous_209)
FN:3333,(anonymous_210)
FN:3343,(anonymous_211)
FN:3348,(anonymous_212)
FN:3355,(anonymous_213)
FN:3362,(anonymous_214)
FN:3367,(anonymous_215)
FN:3380,(anonymous_216)
FN:3386,(anonymous_217)
FN:3395,Identity
FN:3398,Thrower
FN:3402,adoptValue
FN:3436,(anonymous_221)
FN:3450,(anonymous_222)
FN:3453,(anonymous_223)
FN:3457,(anonymous_224)
FN:3462,(anonymous_225)
FN:3465,(anonymous_226)
FN:3466,(anonymous_227)
FN:3474,(anonymous_228)
FN:3492,(anonymous_229)
FN:3494,resolve
FN:3495,(anonymous_231)
FN:3498,(anonymous_232)
FN:3574,(anonymous_233)
FN:3619,(anonymous_234)
FN:3659,(anonymous_235)
FN:3666,(anonymous_236)
FN:3678,(anonymous_237)
FN:3702,(anonymous_238)
FN:3726,(anonymous_239)
FN:3743,(anonymous_240)
FN:3744,(anonymous_241)
FN:3779,(anonymous_242)
FN:3791,(anonymous_243)
FN:3792,(anonymous_244)
FN:3803,(anonymous_245)
FN:3811,(anonymous_246)
FN:3828,(anonymous_247)
FN:3837,(anonymous_248)
FN:3860,completed
FN:3890,(anonymous_250)
FN:3920,(anonymous_251)
FN:3945,(anonymous_252)
FN:3959,Data
FN:3967,(anonymous_254)
FN:4000,(anonymous_255)
FN:4019,(anonymous_256)
FN:4026,(anonymous_257)
FN:4057,(anonymous_258)
FN:4104,(anonymous_259)
FN:4128,dataAttr
FN:4159,(anonymous_261)
FN:4163,(anonymous_262)
FN:4167,(anonymous_263)
FN:4173,(anonymous_264)
FN:4177,(anonymous_265)
FN:4183,(anonymous_266)
FN:4216,(anonymous_267)
FN:4221,(anonymous_268)
FN:4250,(anonymous_269)
FN:4258,(anonymous_270)
FN:4259,(anonymous_271)
FN:4267,(anonymous_272)
FN:4286,(anonymous_273)
FN:4293,(anonymous_274)
FN:4322,(anonymous_275)
FN:4325,(anonymous_276)
FN:4333,(anonymous_277)
FN:4348,(anonymous_278)
FN:4359,(anonymous_279)
FN:4360,(anonymous_280)
FN:4364,(anonymous_281)
FN:4370,(anonymous_282)
FN:4376,(anonymous_283)
FN:4406,(anonymous_284)
FN:4425,(anonymous_285)
FN:4448,adjustCSS
FN:4453,(anonymous_287)
FN:4456,(anonymous_288)
FN:4513,getDefaultDisplay
FN:4536,showHide
FN:4585,(anonymous_291)
FN:4588,(anonymous_292)
FN:4591,(anonymous_293)
FN:4596,(anonymous_294)
FN:4637,getAll
FN:4654,setGlobalEval
FN:4670,buildFragment
FN:4760,(anonymous_298)
FN:4793,returnTrue
FN:4797,returnFalse
FN:4803,safeActiveElement
FN:4809,on
FN:4855,(anonymous_303)
FN:4865,(anonymous_304)
FN:4878,(anonymous_305)
FN:4913,(anonymous_306)
FN:4993,(anonymous_307)
FN:5066,(anonymous_308)
FN:5130,(anonymous_309)
FN:5181,(anonymous_310)
FN:5187,(anonymous_311)
FN:5192,(anonymous_312)
FN:5198,(anonymous_313)
FN:5209,(anonymous_314)
FN:5224,(anonymous_315)
FN:5233,(anonymous_316)
FN:5244,(anonymous_317)
FN:5252,(anonymous_318)
FN:5258,(anonymous_319)
FN:5270,(anonymous_320)
FN:5278,(anonymous_321)
FN:5336,(anonymous_322)
FN:5345,(anonymous_323)
FN:5354,(anonymous_324)
FN:5399,(anonymous_325)
FN:5429,(anonymous_326)
FN:5434,(anonymous_327)
FN:5454,(anonymous_328)
FN:5457,(anonymous_329)
FN:5460,(anonymous_330)
FN:5492,(anonymous_331)
FN:5518,manipulationTarget
FN:5529,disableScript
FN:5533,restoreScript
FN:5545,cloneCopyEvent
FN:5580,fixInput
FN:5593,domManip
FN:5609,(anonymous_338)
FN:5683,remove
FN:5705,(anonymous_340)
FN:5709,(anonymous_341)
FN:5751,(anonymous_342)
FN:5787,(anonymous_343)
FN:5791,(anonymous_344)
FN:5795,(anonymous_345)
FN:5796,(anonymous_346)
FN:5799,(anonymous_347)
FN:5807,(anonymous_348)
FN:5808,(anonymous_349)
FN:5816,(anonymous_350)
FN:5817,(anonymous_351)
FN:5825,(anonymous_352)
FN:5826,(anonymous_353)
FN:5833,(anonymous_354)
FN:5834,(anonymous_355)
FN:5841,(anonymous_356)
FN:5859,(anonymous_357)
FN:5863,(anonymous_358)
FN:5868,(anonymous_359)
FN:5869,(anonymous_360)
FN:5907,(anonymous_361)
FN:5911,(anonymous_362)
FN:5932,(anonymous_363)
FN:5933,(anonymous_364)
FN:5956,(anonymous_365)
FN:5972,(anonymous_366)
FN:5976,computeStyleTests
FN:6030,(anonymous_368)
FN:6034,(anonymous_369)
FN:6038,(anonymous_370)
FN:6042,(anonymous_371)
FN:6050,curCSS
FN:6097,addGetHookIf
FN:6101,(anonymous_374)
FN:6133,vendorPropName
FN:6152,setPositiveNumber
FN:6164,augmentWidthOrHeight
FN:6208,getWidthOrHeight
FN:6266,(anonymous_379)
FN:6301,(anonymous_380)
FN:6367,(anonymous_381)
FN:6402,(anonymous_382)
FN:6404,(anonymous_383)
FN:6418,(anonymous_384)
FN:6425,(anonymous_385)
FN:6450,(anonymous_386)
FN:6454,(anonymous_387)
FN:6467,(anonymous_388)
FN:6469,(anonymous_389)
FN:6491,(anonymous_390)
FN:6492,(anonymous_391)
FN:6516,Tween
FN:6523,(anonymous_393)
FN:6532,(anonymous_394)
FN:6539,(anonymous_395)
FN:6569,(anonymous_396)
FN:6588,(anonymous_397)
FN:6609,(anonymous_398)
FN:6617,(anonymous_399)
FN:6620,(anonymous_400)
FN:6639,raf
FN:6647,createFxNow
FN:6648,(anonymous_403)
FN:6655,genFx
FN:6675,createTween
FN:6689,defaultPrefilter
FN:6704,(anonymous_407)
FN:6712,(anonymous_408)
FN:6715,(anonymous_409)
FN:6785,(anonymous_410)
FN:6800,(anonymous_411)
FN:6833,(anonymous_412)
FN:6860,propFilter
FN:6897,Animation
FN:6902,(anonymous_415)
FN:6907,(anonymous_416)
FN:6946,(anonymous_417)
FN:6952,(anonymous_418)
FN:7015,(anonymous_419)
FN:7022,(anonymous_420)
FN:7043,(anonymous_421)
FN:7052,(anonymous_422)
FN:7078,(anonymous_423)
FN:7092,(anonymous_424)
FN:7100,(anonymous_425)
FN:7103,(anonymous_426)
FN:7119,(anonymous_427)
FN:7120,(anonymous_428)
FN:7135,(anonymous_429)
FN:7171,(anonymous_430)
FN:7175,(anonymous_431)
FN:7214,(anonymous_432)
FN:7216,(anonymous_433)
FN:7231,(anonymous_434)
FN:7232,(anonymous_435)
FN:7238,(anonymous_436)
FN:7260,(anonymous_437)
FN:7270,(anonymous_438)
FN:7278,(anonymous_439)
FN:7299,(anonymous_440)
FN:7303,(anonymous_441)
FN:7305,(anonymous_442)
FN:7312,(anonymous_443)
FN:7340,(anonymous_444)
FN:7344,(anonymous_445)
FN:7345,(anonymous_446)
FN:7352,(anonymous_447)
FN:7400,(anonymous_448)
FN:7414,(anonymous_449)
FN:7429,(anonymous_450)
FN:7441,(anonymous_451)
FN:7444,(anonymous_452)
FN:7469,(anonymous_453)
FN:7473,(anonymous_454)
FN:7474,(anonymous_455)
FN:7481,(anonymous_456)
FN:7515,(anonymous_457)
FN:7548,(anonymous_458)
FN:7555,(anonymous_459)
FN:7579,(anonymous_460)
FN:7588,getClass
FN:7593,(anonymous_462)
FN:7598,(anonymous_463)
FN:7631,(anonymous_464)
FN:7636,(anonymous_465)
FN:7677,(anonymous_466)
FN:7685,(anonymous_467)
FN:7693,(anonymous_468)
FN:7737,(anonymous_469)
FN:7762,(anonymous_470)
FN:7794,(anonymous_471)
FN:7815,(anonymous_472)
FN:7833,(anonymous_473)
FN:7847,(anonymous_474)
FN:7887,(anonymous_475)
FN:7918,(anonymous_476)
FN:7920,(anonymous_477)
FN:7927,(anonymous_478)
FN:7943,(anonymous_479)
FN:8080,(anonymous_480)
FN:8097,(anonymous_481)
FN:8098,(anonymous_482)
FN:8102,(anonymous_483)
FN:8114,(anonymous_484)
FN:8117,(anonymous_485)
FN:8125,(anonymous_486)
FN:8145,(anonymous_487)
FN:8148,(anonymous_488)
FN:8153,(anonymous_489)
FN:8162,(anonymous_490)
FN:8186,(anonymous_491)
FN:8213,buildParams
FN:8219,(anonymous_493)
FN:8253,(anonymous_494)
FN:8256,(anonymous_495)
FN:8271,(anonymous_496)
FN:8289,(anonymous_497)
FN:8292,(anonymous_498)
FN:8293,(anonymous_499)
FN:8299,(anonymous_500)
FN:8307,(anonymous_501)
FN:8313,(anonymous_502)
FN:8359,addToPrefiltersOrTransports
FN:8362,(anonymous_504)
FN:8393,inspectPrefiltersOrTransports
FN:8398,inspect
FN:8401,(anonymous_507)
FN:8422,ajaxExtend
FN:8442,ajaxHandleResponses
FN:8500,ajaxConvert
FN:8676,(anonymous_511)
FN:8690,(anonymous_512)
FN:8759,(anonymous_513)
FN:8774,(anonymous_514)
FN:8779,(anonymous_515)
FN:8789,(anonymous_516)
FN:8797,(anonymous_517)
FN:8816,(anonymous_518)
FN:8992,(anonymous_519)
FN:9013,done
FN:9128,(anonymous_521)
FN:9132,(anonymous_522)
FN:9137,(anonymous_523)
FN:9138,(anonymous_524)
FN:9159,(anonymous_525)
FN:9175,(anonymous_526)
FN:9190,(anonymous_527)
FN:9204,(anonymous_528)
FN:9206,(anonymous_529)
FN:9211,(anonymous_530)
FN:9224,(anonymous_531)
FN:9227,(anonymous_532)
FN:9232,(anonymous_533)
FN:9233,(anonymous_534)
FN:9241,(anonymous_535)
FN:9244,(anonymous_536)
FN:9251,(anonymous_537)
FN:9271,(anonymous_538)
FN:9277,(anonymous_539)
FN:9316,(anonymous_540)
FN:9317,(anonymous_541)
FN:9368,(anonymous_542)
FN:9377,(anonymous_543)
FN:9402,(anonymous_544)
FN:9415,(anonymous_545)
FN:9431,(anonymous_546)
FN:9439,(anonymous_547)
FN:9449,(anonymous_548)
FN:9455,(anonymous_549)
FN:9461,(anonymous_550)
FN:9473,(anonymous_551)
FN:9491,(anonymous_552)
FN:9499,(anonymous_553)
FN:9526,(anonymous_554)
FN:9538,(anonymous_555)
FN:9543,(anonymous_556)
FN:9585,(anonymous_557)
FN:9596,(anonymous_558)
FN:9646,(anonymous_559)
FN:9679,(anonymous_560)
FN:9696,(anonymous_561)
FN:9697,(anonymous_562)
FN:9717,(anonymous_563)
FN:9718,(anonymous_564)
FN:9726,(anonymous_565)
FN:9727,(anonymous_566)
FN:9738,getWindow
FN:9743,(anonymous_568)
FN:9795,(anonymous_569)
FN:9801,(anonymous_570)
FN:9838,(anonymous_571)
FN:9889,(anonymous_572)
FN:9890,(anonymous_573)
FN:9903,(anonymous_574)
FN:9906,(anonymous_575)
FN:9907,(anonymous_576)
FN:9933,(anonymous_577)
FN:9935,(anonymous_578)
FN:9950,(anonymous_579)
FN:9952,(anonymous_580)
FN:9955,(anonymous_581)
FN:9959,(anonymous_582)
FN:9998,(anonymous_583)
FN:10001,(anonymous_584)
FN:10005,(anonymous_585)
FN:10008,(anonymous_586)
FN:10036,(anonymous_587)
FN:10053,(anonymous_588)
FNF:588
FNH:166
FNDA:1,(anonymous_1)
FNDA:0,(anonymous_2)
FNDA:1,(anonymous_3)
FNDA:0,DOMEval
FNDA:308,(anonymous_5)
FNDA:16,(anonymous_6)
FNDA:0,(anonymous_7)
FNDA:0,(anonymous_8)
FNDA:117,(anonymous_9)
FNDA:178,(anonymous_10)
FNDA:0,(anonymous_11)
FNDA:0,(anonymous_12)
FNDA:2,(anonymous_13)
FNDA:0,(anonymous_14)
FNDA:0,(anonymous_15)
FNDA:43,(anonymous_16)
FNDA:0,(anonymous_17)
FNDA:127,(anonymous_18)
FNDA:0,(anonymous_19)
FNDA:0,(anonymous_20)
FNDA:149,(anonymous_21)
FNDA:259,(anonymous_22)
FNDA:0,(anonymous_23)
FNDA:11,(anonymous_24)
FNDA:258,(anonymous_25)
FNDA:611,(anonymous_26)
FNDA:0,(anonymous_27)
FNDA:194,(anonymous_28)
FNDA:159,(anonymous_29)
FNDA:241,(anonymous_30)
FNDA:8,(anonymous_31)
FNDA:0,(anonymous_32)
FNDA:8,(anonymous_33)
FNDA:530,(anonymous_34)
FNDA:12,(anonymous_35)
FNDA:18,(anonymous_36)
FNDA:0,(anonymous_37)
FNDA:0,(anonymous_38)
FNDA:10,(anonymous_39)
FNDA:259,isArrayLike
FNDA:1,(anonymous_41)
FNDA:64,(anonymous_42)
FNDA:0,(anonymous_43)
FNDA:0,(anonymous_44)
FNDA:0,(anonymous_45)
FNDA:0,(anonymous_46)
FNDA:0,(anonymous_47)
FNDA:0,(anonymous_48)
FNDA:0,(anonymous_49)
FNDA:72,Sizzle
FNDA:3,createCache
FNDA:2,cache
FNDA:11,markFunction
FNDA:10,assert
FNDA:0,addHandle
FNDA:0,siblingCheck
FNDA:5,createInputPseudo
FNDA:0,(anonymous_58)
FNDA:2,createButtonPseudo
FNDA:0,(anonymous_60)
FNDA:2,createDisabledPseudo
FNDA:0,(anonymous_62)
FNDA:7,createPositionalPseudo
FNDA:0,(anonymous_64)
FNDA:0,(anonymous_65)
FNDA:0,testContext
FNDA:4,(anonymous_67)
FNDA:1,(anonymous_68)
FNDA:1,(anonymous_69)
FNDA:1,(anonymous_70)
FNDA:1,(anonymous_71)
FNDA:0,(anonymous_72)
FNDA:0,(anonymous_73)
FNDA:0,(anonymous_74)
FNDA:0,(anonymous_75)
FNDA:0,(anonymous_76)
FNDA:0,(anonymous_77)
FNDA:0,(anonymous_78)
FNDA:0,(anonymous_79)
FNDA:1,(anonymous_80)
FNDA:1,(anonymous_81)
FNDA:1,(anonymous_82)
FNDA:143,(anonymous_83)
FNDA:0,(anonymous_84)
FNDA:0,(anonymous_85)
FNDA:0,(anonymous_86)
FNDA:10,(anonymous_87)
FNDA:0,(anonymous_88)
FNDA:143,(anonymous_89)
FNDA:0,(anonymous_90)
FNDA:0,(anonymous_91)
FNDA:0,(anonymous_92)
FNDA:0,(anonymous_93)
FNDA:0,(anonymous_94)
FNDA:0,(anonymous_95)
FNDA:0,(anonymous_96)
FNDA:0,(anonymous_97)
FNDA:1,(anonymous_98)
FNDA:0,(anonymous_99)
FNDA:50,(anonymous_100)
FNDA:0,(anonymous_101)
FNDA:0,(anonymous_102)
FNDA:0,(anonymous_103)
FNDA:0,(anonymous_104)
FNDA:0,(anonymous_105)
FNDA:0,(anonymous_106)
FNDA:0,(anonymous_107)
FNDA:0,(anonymous_108)
FNDA:0,(anonymous_109)
FNDA:0,(anonymous_110)
FNDA:0,(anonymous_111)
FNDA:0,(anonymous_112)
FNDA:0,(anonymous_113)
FNDA:0,(anonymous_114)
FNDA:0,(anonymous_115)
FNDA:0,(anonymous_116)
FNDA:0,(anonymous_117)
FNDA:0,(anonymous_118)
FNDA:0,(anonymous_119)
FNDA:0,(anonymous_120)
FNDA:0,(anonymous_121)
FNDA:0,(anonymous_122)
FNDA:0,(anonymous_123)
FNDA:0,(anonymous_124)
FNDA:0,(anonymous_125)
FNDA:0,(anonymous_126)
FNDA:0,(anonymous_127)
FNDA:0,(anonymous_128)
FNDA:0,(anonymous_129)
FNDA:0,(anonymous_130)
FNDA:0,(anonymous_131)
FNDA:0,(anonymous_132)
FNDA:0,(anonymous_133)
FNDA:0,(anonymous_134)
FNDA:0,(anonymous_135)
FNDA:0,(anonymous_136)
FNDA:0,(anonymous_137)
FNDA:1,setFilters
FNDA:1,(anonymous_139)
FNDA:0,toSelector
FNDA:3,addCombinator
FNDA:0,(anonymous_142)
FNDA:0,(anonymous_143)
FNDA:1,elementMatcher
FNDA:50,(anonymous_145)
FNDA:0,multipleContexts
FNDA:0,condense
FNDA:0,setMatcher
FNDA:0,(anonymous_149)
FNDA:1,matcherFromTokens
FNDA:0,(anonymous_151)
FNDA:0,(anonymous_152)
FNDA:50,(anonymous_153)
FNDA:1,matcherFromGroupMatchers
FNDA:10,(anonymous_155)
FNDA:10,(anonymous_156)
FNDA:10,(anonymous_157)
FNDA:1,(anonymous_158)
FNDA:1,(anonymous_159)
FNDA:0,(anonymous_160)
FNDA:1,(anonymous_161)
FNDA:0,(anonymous_162)
FNDA:1,(anonymous_163)
FNDA:0,(anonymous_164)
FNDA:0,(anonymous_165)
FNDA:10,(anonymous_166)
FNDA:0,winnow
FNDA:0,(anonymous_168)
FNDA:0,(anonymous_169)
FNDA:0,(anonymous_170)
FNDA:10,(anonymous_171)
FNDA:50,(anonymous_172)
FNDA:62,(anonymous_173)
FNDA:0,(anonymous_174)
FNDA:0,(anonymous_175)
FNDA:0,(anonymous_176)
FNDA:0,(anonymous_177)
FNDA:308,(anonymous_178)
FNDA:0,(anonymous_179)
FNDA:0,(anonymous_180)
FNDA:0,(anonymous_181)
FNDA:0,(anonymous_182)
FNDA:0,(anonymous_183)
FNDA:0,(anonymous_184)
FNDA:0,sibling
FNDA:0,(anonymous_186)
FNDA:0,(anonymous_187)
FNDA:0,(anonymous_188)
FNDA:0,(anonymous_189)
FNDA:0,(anonymous_190)
FNDA:0,(anonymous_191)
FNDA:0,(anonymous_192)
FNDA:0,(anonymous_193)
FNDA:0,(anonymous_194)
FNDA:0,(anonymous_195)
FNDA:10,(anonymous_196)
FNDA:0,(anonymous_197)
FNDA:12,(anonymous_198)
FNDA:10,(anonymous_199)
FNDA:18,createOptions
FNDA:30,(anonymous_201)
FNDA:18,(anonymous_202)
FNDA:6,(anonymous_203)
FNDA:21,(anonymous_204)
FNDA:21,add
FNDA:33,(anonymous_206)
FNDA:0,(anonymous_207)
FNDA:0,(anonymous_208)
FNDA:0,(anonymous_209)
FNDA:0,(anonymous_210)
FNDA:3,(anonymous_211)
FNDA:0,(anonymous_212)
FNDA:3,(anonymous_213)
FNDA:0,(anonymous_214)
FNDA:6,(anonymous_215)
FNDA:3,(anonymous_216)
FNDA:0,(anonymous_217)
FNDA:1,Identity
FNDA:0,Thrower
FNDA:0,adoptValue
FNDA:3,(anonymous_221)
FNDA:0,(anonymous_222)
FNDA:0,(anonymous_223)
FNDA:1,(anonymous_224)
FNDA:0,(anonymous_225)
FNDA:0,(anonymous_226)
FNDA:0,(anonymous_227)
FNDA:0,(anonymous_228)
FNDA:2,(anonymous_229)
FNDA:6,resolve
FNDA:2,(anonymous_231)
FNDA:2,(anonymous_232)
FNDA:2,(anonymous_233)
FNDA:2,(anonymous_234)
FNDA:7,(anonymous_235)
FNDA:9,(anonymous_236)
FNDA:3,(anonymous_237)
FNDA:0,(anonymous_238)
FNDA:0,(anonymous_239)
FNDA:0,(anonymous_240)
FNDA:0,(anonymous_241)
FNDA:0,(anonymous_242)
FNDA:0,(anonymous_243)
FNDA:0,(anonymous_244)
FNDA:1,(anonymous_245)
FNDA:0,(anonymous_246)
FNDA:0,(anonymous_247)
FNDA:1,(anonymous_248)
FNDA:1,completed
FNDA:60,(anonymous_250)
FNDA:0,(anonymous_251)
FNDA:178,(anonymous_252)
FNDA:2,Data
FNDA:221,(anonymous_254)
FNDA:49,(anonymous_255)
FNDA:218,(anonymous_256)
FNDA:46,(anonymous_257)
FNDA:86,(anonymous_258)
FNDA:92,(anonymous_259)
FNDA:0,dataAttr
FNDA:3,(anonymous_261)
FNDA:0,(anonymous_262)
FNDA:0,(anonymous_263)
FNDA:46,(anonymous_264)
FNDA:0,(anonymous_265)
FNDA:49,(anonymous_266)
FNDA:0,(anonymous_267)
FNDA:49,(anonymous_268)
FNDA:49,(anonymous_269)
FNDA:0,(anonymous_270)
FNDA:0,(anonymous_271)
FNDA:0,(anonymous_272)
FNDA:0,(anonymous_273)
FNDA:0,(anonymous_274)
FNDA:0,(anonymous_275)
FNDA:0,(anonymous_276)
FNDA:0,(anonymous_277)
FNDA:0,(anonymous_278)
FNDA:0,(anonymous_279)
FNDA:0,(anonymous_280)
FNDA:0,(anonymous_281)
FNDA:0,(anonymous_282)
FNDA:0,(anonymous_283)
FNDA:0,(anonymous_284)
FNDA:0,(anonymous_285)
FNDA:0,adjustCSS
FNDA:0,(anonymous_287)
FNDA:0,(anonymous_288)
FNDA:0,getDefaultDisplay
FNDA:0,showHide
FNDA:0,(anonymous_291)
FNDA:0,(anonymous_292)
FNDA:0,(anonymous_293)
FNDA:0,(anonymous_294)
FNDA:151,getAll
FNDA:0,setGlobalEval
FNDA:143,buildFragment
FNDA:1,(anonymous_298)
FNDA:0,returnTrue
FNDA:0,returnFalse
FNDA:0,safeActiveElement
FNDA:86,on
FNDA:0,(anonymous_303)
FNDA:86,(anonymous_304)
FNDA:86,(anonymous_305)
FNDA:0,(anonymous_306)
FNDA:86,(anonymous_307)
FNDA:0,(anonymous_308)
FNDA:0,(anonymous_309)
FNDA:30,(anonymous_310)
FNDA:0,(anonymous_311)
FNDA:0,(anonymous_312)
FNDA:0,(anonymous_313)
FNDA:0,(anonymous_314)
FNDA:0,(anonymous_315)
FNDA:0,(anonymous_316)
FNDA:0,(anonymous_317)
FNDA:0,(anonymous_318)
FNDA:0,(anonymous_319)
FNDA:86,(anonymous_320)
FNDA:0,(anonymous_321)
FNDA:0,(anonymous_322)
FNDA:0,(anonymous_323)
FNDA:0,(anonymous_324)
FNDA:0,(anonymous_325)
FNDA:4,(anonymous_326)
FNDA:0,(anonymous_327)
FNDA:86,(anonymous_328)
FNDA:0,(anonymous_329)
FNDA:43,(anonymous_330)
FNDA:43,(anonymous_331)
FNDA:8,manipulationTarget
FNDA:0,disableScript
FNDA:0,restoreScript
FNDA:0,cloneCopyEvent
FNDA:0,fixInput
FNDA:8,domManip
FNDA:0,(anonymous_338)
FNDA:0,remove
FNDA:143,(anonymous_340)
FNDA:0,(anonymous_341)
FNDA:46,(anonymous_342)
FNDA:0,(anonymous_343)
FNDA:0,(anonymous_344)
FNDA:0,(anonymous_345)
FNDA:0,(anonymous_346)
FNDA:0,(anonymous_347)
FNDA:0,(anonymous_348)
FNDA:0,(anonymous_349)
FNDA:8,(anonymous_350)
FNDA:8,(anonymous_351)
FNDA:0,(anonymous_352)
FNDA:0,(anonymous_353)
FNDA:0,(anonymous_354)
FNDA:0,(anonymous_355)
FNDA:0,(anonymous_356)
FNDA:0,(anonymous_357)
FNDA:0,(anonymous_358)
FNDA:0,(anonymous_359)
FNDA:0,(anonymous_360)
FNDA:0,(anonymous_361)
FNDA:0,(anonymous_362)
FNDA:5,(anonymous_363)
FNDA:0,(anonymous_364)
FNDA:0,(anonymous_365)
FNDA:1,(anonymous_366)
FNDA:0,computeStyleTests
FNDA:0,(anonymous_368)
FNDA:0,(anonymous_369)
FNDA:0,(anonymous_370)
FNDA:0,(anonymous_371)
FNDA:0,curCSS
FNDA:3,addGetHookIf
FNDA:0,(anonymous_374)
FNDA:1,vendorPropName
FNDA:0,setPositiveNumber
FNDA:0,augmentWidthOrHeight
FNDA:0,getWidthOrHeight
FNDA:0,(anonymous_379)
FNDA:16,(anonymous_380)
FNDA:0,(anonymous_381)
FNDA:2,(anonymous_382)
FNDA:0,(anonymous_383)
FNDA:0,(anonymous_384)
FNDA:0,(anonymous_385)
FNDA:0,(anonymous_386)
FNDA:0,(anonymous_387)
FNDA:3,(anonymous_388)
FNDA:0,(anonymous_389)
FNDA:4,(anonymous_390)
FNDA:16,(anonymous_391)
FNDA:0,Tween
FNDA:0,(anonymous_393)
FNDA:0,(anonymous_394)
FNDA:0,(anonymous_395)
FNDA:0,(anonymous_396)
FNDA:0,(anonymous_397)
FNDA:0,(anonymous_398)
FNDA:0,(anonymous_399)
FNDA:0,(anonymous_400)
FNDA:0,raf
FNDA:0,createFxNow
FNDA:0,(anonymous_403)
FNDA:3,genFx
FNDA:0,createTween
FNDA:0,defaultPrefilter
FNDA:0,(anonymous_407)
FNDA:0,(anonymous_408)
FNDA:0,(anonymous_409)
[...]
FN:10,Activate
FNF:2
FNH:2
FNDA:1,(anonymous_1)
FNDA:43,Activate
DA:1,1
DA:4,1
DA:8,1
DA:10,1
DA:11,43
DA:15,43
LF:6
LH:6
BRF:0
BRH:0
end_of_record
TN:
SF:C:\Users\mdyuong\Documents\test\src\main\webapp\app\services\auth\auth.service.js
FN:1,(anonymous_1)
FN:10,Auth
FN:28,activateAccount
FN:32,(anonymous_4)
FN:35,(anonymous_5)
FN:40,authorize
FN:45,authThen
FN:71,(anonymous_8)
FN:79,changePassword
FN:82,(anonymous_10)
FN:84,(anonymous_11)
FN:89,createAccount
FN:93,(anonymous_13)
FN:96,(anonymous_14)
FN:102,login
FN:108,(anonymous_16)
FN:114,loginThen
FN:115,(anonymous_18)
FN:125,logout
FN:130,resetPasswordFinish
FN:133,(anonymous_21)
FN:135,(anonymous_22)
FN:140,resetPasswordInit
FN:143,(anonymous_24)
FN:145,(anonymous_25)
FN:150,updateAccount
FN:154,(anonymous_27)
FN:157,(anonymous_28)
FN:162,getPreviousState
FN:167,resetPreviousState
FN:171,storePreviousState
FNF:31
FNH:5
FNDA:1,(anonymous_1)
FNDA:43,Auth
FNDA:0,activateAccount
FNDA:0,(anonymous_4)
FNDA:0,(anonymous_5)
FNDA:24,authorize
FNDA:2,authThen
FNDA:0,(anonymous_8)
FNDA:0,changePassword
FNDA:0,(anonymous_10)
FNDA:0,(anonymous_11)
FNDA:0,createAccount
FNDA:0,(anonymous_13)
FNDA:0,(anonymous_14)
FNDA:0,login
FNDA:0,(anonymous_16)
FNDA:0,loginThen
FNDA:0,(anonymous_18)
FNDA:1,logout
FNDA:0,resetPasswordFinish
FNDA:0,(anonymous_21)
FNDA:0,(anonymous_22)
FNDA:0,resetPasswordInit
FNDA:0,(anonymous_24)
FNDA:0,(anonymous_25)
FNDA:0,updateAccount
FNDA:0,(anonymous_27)
FNDA:0,(anonymous_28)
FNDA:0,getPreviousState
FNDA:0,resetPreviousState
FNDA:0,storePreviousState
DA:1,1
DA:4,1
DA:8,1
DA:10,1
DA:11,43
DA:26,43
DA:28,1
DA:29,0
DA:31,0
DA:33,0
DA:36,0
DA:40,1
DA:41,24
DA:43,24
DA:45,1
DA:46,2
DA:49,2
DA:50,0
DA:54,2
DA:55,0
DA:56,0
DA:57,0
DA:60,2
DA:61,0
DA:63,0
DA:68,0
DA:71,0
DA:72,0
DA:79,1
DA:80,0
DA:82,0
DA:83,0
DA:85,0
DA:89,1
DA:90,0
DA:92,0
DA:94,0
DA:97,0
DA:98,0
DA:102,1
DA:103,0
DA:104,0
DA:106,0
DA:109,0
DA:110,0
DA:111,0
DA:114,1
DA:115,0
DA:116,0
DA:118,0
DA:121,0
DA:125,1
DA:126,1
DA:127,1
DA:130,1
DA:131,0
DA:133,0
DA:134,0
DA:136,0
DA:140,1
DA:141,0
DA:143,0
DA:144,0
DA:146,0
DA:150,1
DA:151,0
DA:153,0
DA:155,0
DA:158,0
DA:162,1
DA:163,0
DA:164,0
DA:167,1
DA:168,0
DA:171,1
DA:172,0
DA:173,0
LF:77
LH:28
BRDA:29,1,0,0
BRDA:29,1,1,0
BRDA:49,2,0,0
BRDA:49,2,1,2
BRDA:49,3,0,2
BRDA:49,3,1,0
BRDA:49,3,2,0
BRDA:49,3,3,0
BRDA:54,4,0,0
BRDA:54,4,1,2
BRDA:54,5,0,2
BRDA:54,5,1,0
BRDA:54,5,2,0
BRDA:60,6,0,0
BRDA:60,6,1,2
BRDA:60,7,0,2
BRDA:60,7,1,2
BRDA:60,7,2,0
BRDA:61,8,0,0
BRDA:61,8,1,0
BRDA:80,9,0,0
BRDA:80,9,1,0
BRDA:90,10,0,0
BRDA:90,10,1,0
BRDA:103,11,0,0
BRDA:103,11,1,0
BRDA:131,12,0,0
BRDA:131,12,1,0
BRDA:141,13,0,0
BRDA:141,13,1,0
BRDA:151,14,0,0
BRDA:151,14,1,0
BRF:32
BRH:7
end_of_record
TN:
SF:C:\Users\mdyuong\Documents\test\src\main\webapp\app\services\auth\auth.session.service.js
FN:1,(anonymous_1)
FN:10,AuthServerProvider
FN:20,getToken
FN:25,hasValidToken
FN:30,login
FN:39,(anonymous_6)
FN:44,logout
FN:48,(anonymous_8)
FNF:8
FNH:4
FNDA:1,(anonymous_1)
FNDA:43,AuthServerProvider
FNDA:0,getToken
FNDA:0,hasValidToken
FNDA:0,login
FNDA:0,(anonymous_6)
FNDA:1,logout
FNDA:1,(anonymous_8)
DA:1,1
DA:4,1
DA:8,1
DA:10,1
DA:11,43
DA:18,43
DA:20,1
DA:21,0
DA:22,0
DA:25,1
DA:26,0
DA:27,0
DA:30,1
DA:31,0
DA:35,0
DA:40,0
DA:44,1
DA:48,1
DA:49,1
DA:51,1
DA:52,1
LF:21
LH:14
BRF:0
BRH:0
end_of_record
TN:
SF:C:\Users\mdyuong\Documents\test\src\main\webapp\app\services\auth\has-any-authority.directive.js
FN:1,(anonymous_1)
FN:10,hasAnyAuthority
FN:18,linkFunc
FN:21,(anonymous_4)
FN:24,(anonymous_5)
FN:27,(anonymous_6)
FN:44,(anonymous_7)
FN:46,(anonymous_8)
FNF:8
FNH:1
FNDA:1,(anonymous_1)
FNDA:0,hasAnyAuthority
FNDA:0,linkFunc
FNDA:0,(anonymous_4)
FNDA:0,(anonymous_5)
FNDA:0,(anonymous_6)
FNDA:0,(anonymous_7)
FNDA:0,(anonymous_8)
DA:1,1
DA:4,1
DA:8,1
DA:10,1
DA:11,0
DA:16,0
DA:18,1
DA:19,0
DA:21,0
DA:22,0
DA:25,0
DA:28,0
DA:29,0
DA:30,0
DA:33,0
DA:34,0
DA:35,0
DA:37,0
DA:41,0
DA:42,0
DA:44,0
DA:45,0
DA:47,0
LF:23
LH:5
BRDA:29,1,0,0
BRDA:29,1,1,0
BRDA:34,2,0,0
BRDA:34,2,1,0
BRDA:41,3,0,0
BRDA:41,3,1,0
BRF:6
BRH:0
end_of_record
TN:
SF:C:\Users\mdyuong\Documents\test\src\main\webapp\app\services\auth\has-authority.directive.js
FN:1,(anonymous_1)
FN:10,hasAuthority
FN:18,linkFunc
FN:21,(anonymous_4)
FN:24,(anonymous_5)
FN:27,(anonymous_6)
FN:34,(anonymous_7)
FN:46,(anonymous_8)
FN:48,(anonymous_9)
FNF:9
FNH:1
FNDA:1,(anonymous_1)
FNDA:0,hasAuthority
FNDA:0,linkFunc
FNDA:0,(anonymous_4)
FNDA:0,(anonymous_5)
FNDA:0,(anonymous_6)
FNDA:0,(anonymous_7)
FNDA:0,(anonymous_8)
FNDA:0,(anonymous_9)
DA:1,1
DA:4,1
DA:8,1
DA:10,1
DA:11,0
DA:16,0
DA:18,1
DA:19,0
DA:21,0
DA:22,0
DA:25,0
DA:29,0
DA:30,0
DA:33,0
DA:35,0
DA:36,0
DA:38,0
DA:43,0
DA:44,0
DA:46,0
DA:47,0
DA:49,0
LF:22
LH:5
BRDA:29,1,0,0
BRDA:29,1,1,0
BRDA:35,2,0,0
BRDA:35,2,1,0
BRDA:43,3,0,0
BRDA:43,3,1,0
BRF:6
BRH:0
end_of_record
TN:
SF:C:\Users\mdyuong\Documents\test\src\main\webapp\app\services\auth\password-reset-finish.service.js
FN:1,(anonymous_1)
FN:10,PasswordResetFinish
FNF:2
FNH:2
FNDA:1,(anonymous_1)
FNDA:43,PasswordResetFinish
DA:1,1
DA:4,1
DA:8,1
DA:10,1
DA:11,43
DA:13,43
LF:6
LH:6
BRF:0
BRH:0
end_of_record
TN:
SF:C:\Users\mdyuong\Documents\test\src\main\webapp\app\services\auth\password-reset-init.service.js
FN:1,(anonymous_1)
FN:10,PasswordResetInit
FNF:2
FNH:2
FNDA:1,(anonymous_1)
FNDA:43,PasswordResetInit
DA:1,1
DA:4,1
DA:8,1
DA:10,1
DA:11,43
DA:13,43
LF:6
LH:6
BRF:0
BRH:0
end_of_record
TN:
SF:C:\Users\mdyuong\Documents\test\src\main\webapp\app\services\auth\password.service.js
FN:1,(anonymous_1)
FN:10,Password
FNF:2
FNH:2
FNDA:1,(anonymous_1)
FNDA:43,Password
DA:1,1
DA:4,1
DA:8,1
DA:10,1
DA:11,43
DA:13,43
LF:6
LH:6
BRF:0
BRH:0
end_of_record
TN:
SF:C:\Users\mdyuong\Documents\test\src\main\webapp\app\services\auth\principal.service.js
FN:1,(anonymous_1)
FN:10,Principal
FN:25,authenticate
FN:30,hasAnyAuthority
FN:44,hasAuthority
FN:49,(anonymous_6)
FN:51,(anonymous_7)
FN:56,identity
FN:78,getAccountThen
FN:84,getAccountCatch
FN:91,isAuthenticated
FN:95,isIdentityResolved
FNF:12
FNH:6
FNDA:1,(anonymous_1)
FNDA:43,Principal
FNDA:1,authenticate
FNDA:0,hasAnyAuthority
FNDA:0,hasAuthority
FNDA:0,(anonymous_6)
FNDA:0,(anonymous_7)
FNDA:28,identity
FNDA:0,getAccountThen
FNDA:0,getAccountCatch
FNDA:2,isAuthenticated
FNDA:23,isIdentityResolved
DA:1,1
DA:4,1
DA:8,1
DA:10,1
DA:11,43
DA:14,43
DA:23,43
DA:25,1
DA:26,1
DA:27,1
DA:30,1
DA:31,0
DA:32,0
DA:35,0
DA:36,0
DA:37,0
DA:41,0
DA:44,1
DA:45,0
DA:46,0
DA:49,0
DA:50,0
DA:52,0
DA:56,1
DA:57,28
DA:59,28
DA:60,0
DA:65,28
DA:66,2
DA:68,2
DA:72,26
DA:76,26
DA:78,1
DA:79,0
DA:80,0
DA:81,0
DA:84,1
DA:85,0
DA:86,0
DA:87,0
DA:91,1
DA:92,2
DA:95,1
DA:96,23
LF:44
LH:26
BRDA:31,1,0,0
BRDA:31,1,1,0
BRDA:31,2,0,0
BRDA:31,2,1,0
BRDA:31,2,2,0
BRDA:36,3,0,0
BRDA:36,3,1,0
BRDA:45,4,0,0
BRDA:45,4,1,0
BRDA:50,5,0,0
BRDA:50,5,1,0
BRDA:59,6,0,0
BRDA:59,6,1,28
BRDA:65,7,0,2
BRDA:65,7,1,26
BRF:15
BRH:3
end_of_record
TN:
SF:C:\Users\mdyuong\Documents\test\src\main\webapp\app\services\auth\register.service.js
FN:1,(anonymous_1)
FN:10,Register
FNF:2
FNH:2
FNDA:1,(anonymous_1)
FNDA:43,Register
DA:1,1
DA:4,1
DA:8,1
DA:10,1
DA:11,43
LF:5
LH:5
BRF:0
BRH:0
end_of_record
TN:
SF:C:\Users\mdyuong\Documents\test\src\main\webapp\app\services\auth\sessions.service.js
FN:1,(anonymous_1)
FN:10,Sessions
FNF:2
FNH:1
FNDA:1,(anonymous_1)
FNDA:0,Sessions
DA:1,1
DA:4,1
DA:8,1
DA:10,1
DA:11,0
LF:5
LH:4
BRF:0
BRH:0
end_of_record
TN:
SF:C:\Users\mdyuong\Documents\test\src\main\webapp\app\services\profiles\page-ribbon.directive.js
FN:1,(anonymous_1)
FN:10,pageRibbon
FN:20,linkFunc
FN:21,(anonymous_4)
FNF:4
FNH:1
FNDA:1,(anonymous_1)
FNDA:0,pageRibbon
FNDA:0,linkFunc
FNDA:0,(anonymous_4)
DA:1,1
DA:4,1
DA:8,1
DA:10,1
DA:11,0
DA:18,0
DA:20,1
DA:21,0
DA:22,0
DA:23,0
DA:24,0
DA:25,0
LF:12
LH:5
BRDA:22,1,0,0
BRDA:22,1,1,0
BRF:2
BRH:0
end_of_record
TN:
SF:C:\Users\mdyuong\Documents\test\src\main\webapp\app\services\profiles\profile.service.js
FN:1,(anonymous_1)
FN:10,ProfileService
FN:20,getProfileInfo
FN:22,(anonymous_4)
FNF:4
FNH:1
FNDA:1,(anonymous_1)
FNDA:0,ProfileService
FNDA:0,getProfileInfo
FNDA:0,(anonymous_4)
DA:1,1
DA:4,1
DA:8,1
DA:10,1
DA:12,0
DA:14,0
DA:18,0
DA:20,1
DA:21,0
DA:22,0
DA:23,0
DA:24,0
DA:25,0
DA:26,0
DA:27,0
DA:28,0
DA:29,0
DA:33,0
LF:18
LH:5
BRDA:21,1,0,0
BRDA:21,1,1,0
BRDA:23,2,0,0
BRDA:23,2,1,0
BRF:4
BRH:0
end_of_record
TN:
SF:C:\Users\mdyuong\Documents\test\src\main\webapp\app\services\user\user.service.js
FN:1,(anonymous_1)
FN:10,User
FN:15,(anonymous_3)
FNF:3
FNH:1
FNDA:1,(anonymous_1)
FNDA:0,User
FNDA:0,(anonymous_3)
DA:1,1
DA:4,1
DA:8,1
DA:10,1
DA:11,0
DA:16,0
DA:17,0
DA:25,0
LF:8
LH:4
BRF:0
BRH:0
end_of_record
TN:
SF:C:\Users\mdyuong\Documents\test\src\test\javascript\spec\helpers\module.js
FN:6,withMockedAngular
FN:7,(anonymous_2)
FNF:2
FNH:2
FNDA:2,withMockedAngular
FNDA:2,(anonymous_2)
DA:1,1
DA:6,1
DA:7,2
DA:8,2
DA:9,2
DA:10,2
DA:11,2
DA:12,2
LF:8
LH:8
BRF:0
BRH:0
end_of_record
TN:
SF:C:\Users\mdyuong\Documents\test\src\test\javascript\spec\helpers\httpBackend.js
FN:1,mockApiAccountCall
FN:2,(anonymous_2)
FN:7,mockI18nCalls
FN:8,(anonymous_4)
FN:13,mockScriptsCalls
FN:14,(anonymous_6)
FNF:6
FNH:6
FNDA:30,mockApiAccountCall
FNDA:30,(anonymous_2)
FNDA:26,mockI18nCalls
FNDA:26,(anonymous_4)
FNDA:1,mockScriptsCalls
FNDA:1,(anonymous_6)
DA:1,1
DA:2,30
DA:3,30
DA:7,1
DA:8,26
DA:9,26
DA:13,1
DA:14,1
DA:15,1
LF:9
LH:9
BRF:0
BRH:0
end_of_record
TN:
SF:C:\Users\mdyuong\Documents\test\src\test\javascript\spec\app\account\activate\activate.controller.spec.js
FN:3,(anonymous_1)
FN:8,(anonymous_2)
FN:14,(anonymous_3)
FN:27,(anonymous_4)
FN:32,(anonymous_5)
FN:43,(anonymous_6)
FN:53,(anonymous_7)
FNF:7
FNH:7
FNDA:1,(anonymous_1)
FNDA:1,(anonymous_2)
FNDA:3,(anonymous_3)
FNDA:3,(anonymous_4)
FNDA:1,(anonymous_5)
FNDA:1,(anonymous_6)
FNDA:1,(anonymous_7)
DA:3,1
DA:5,1
DA:6,1
DA:8,1
DA:10,1
DA:11,1
DA:12,1
DA:14,1
DA:15,3
DA:16,3
DA:17,3
DA:18,3
DA:19,3
DA:20,3
DA:22,3
DA:27,3
DA:28,3
DA:32,1
DA:34,1
DA:36,1
DA:38,1
DA:43,1
DA:45,1
DA:47,1
DA:49,1
DA:50,1
DA:53,1
DA:55,1
DA:57,1
DA:59,1
DA:60,1
LF:31
LH:31
BRF:0
BRH:0
end_of_record
TN:
SF:C:\Users\mdyuong\Documents\test\src\test\javascript\spec\app\account\password\password-strength-bar.directive.spec.js
FN:3,(anonymous_1)
FN:8,(anonymous_2)
FN:17,(anonymous_3)
FN:18,(anonymous_4)
FN:23,(anonymous_5)
FN:24,(anonymous_6)
FN:38,(anonymous_7)
FN:39,(anonymous_8)
FNF:8
FNH:8
FNDA:1,(anonymous_1)
FNDA:3,(anonymous_2)
FNDA:1,(anonymous_3)
FNDA:1,(anonymous_4)
FNDA:1,(anonymous_5)
FNDA:1,(anonymous_6)
FNDA:1,(anonymous_7)
FNDA:1,(anonymous_8)
DA:3,1
DA:4,1
DA:6,1
DA:8,1
DA:9,3
DA:11,3
DA:12,3
DA:13,3
DA:14,3
DA:17,1
DA:18,1
DA:19,1
DA:20,1
DA:23,1
DA:24,1
DA:25,1
DA:28,1
DA:29,1
DA:31,1
DA:32,1
DA:34,1
DA:35,1
DA:38,1
DA:39,1
DA:40,1
DA:43,1
DA:44,1
DA:45,1
DA:47,1
DA:48,1
DA:50,1
DA:51,1
DA:53,1
DA:54,1
DA:56,1
DA:57,1
LF:36
LH:36
BRF:0
BRH:0
end_of_record
TN:
SF:C:\Users\mdyuong\Documents\test\src\test\javascript\spec\app\account\password\password.controller.spec.js
FN:3,(anonymous_1)
FN:7,(anonymous_2)
FN:13,(anonymous_3)
FN:23,(anonymous_4)
FN:28,(anonymous_5)
FN:40,(anonymous_6)
FN:53,(anonymous_7)
FN:68,(anonymous_8)
FNF:8
FNH:8
FNDA:1,(anonymous_1)
FNDA:1,(anonymous_2)
FNDA:4,(anonymous_3)
FNDA:4,(anonymous_4)
FNDA:1,(anonymous_5)
FNDA:1,(anonymous_6)
FNDA:1,(anonymous_7)
FNDA:1,(anonymous_8)
DA:3,1
DA:4,1
DA:5,1
DA:7,1
DA:9,1
DA:10,1
DA:11,1
DA:13,1
DA:14,4
DA:15,4
DA:16,4
DA:18,4
DA:19,4
DA:23,4
DA:24,4
DA:28,1
DA:30,1
DA:31,1
DA:32,1
DA:34,1
DA:36,1
DA:37,1
DA:38,1
DA:40,1
DA:42,1
DA:43,1
DA:44,1
DA:47,1
DA:50,1
DA:53,1
DA:55,1
DA:56,1
DA:57,1
DA:60,1
DA:63,1
DA:64,1
DA:65,1
DA:68,1
DA:70,1
DA:71,1
DA:72,1
DA:75,1
DA:78,1
DA:79,1
DA:80,1
LF:45
LH:45
BRF:0
BRH:0
end_of_record
TN:
SF:C:\Users\mdyuong\Documents\test\src\test\javascript\spec\app\account\register\register.controller.spec.js
FN:3,(anonymous_1)
FN:8,(anonymous_2)
FN:14,(anonymous_3)
FN:26,(anonymous_4)
FN:31,(anonymous_5)
FN:42,(anonymous_6)
FN:63,(anonymous_7)
FN:79,(anonymous_8)
FN:95,(anonymous_9)
FNF:9
FNH:9
FNDA:1,(anonymous_1)
FNDA:1,(anonymous_2)
FNDA:5,(anonymous_3)
FNDA:5,(anonymous_4)
FNDA:1,(anonymous_5)
FNDA:1,(anonymous_6)
FNDA:1,(anonymous_7)
FNDA:1,(anonymous_8)
FNDA:1,(anonymous_9)
DA:3,1
DA:5,1
DA:6,1
DA:8,1
DA:10,1
DA:11,1
DA:12,1
DA:14,1
DA:15,5
DA:16,5
DA:17,5
DA:18,5
DA:21,5
DA:26,5
DA:27,5
DA:31,1
DA:33,1
DA:34,1
DA:35,1
DA:37,1
DA:39,1
DA:42,1
DA:45,1
DA:46,1
DA:47,1
DA:49,1
DA:51,1
DA:55,1
DA:56,1
DA:58,1
DA:59,1
DA:60,1
DA:63,1
DA:65,1
DA:69,1
DA:70,1
DA:72,1
DA:74,1
DA:75,1
DA:76,1
DA:79,1
DA:81,1
DA:85,1
DA:86,1
DA:88,1
DA:90,1
DA:91,1
DA:92,1
DA:95,1
DA:97,1
DA:100,1
DA:101,1
DA:103,1
DA:105,1
DA:106,1
DA:107,1
LF:56
LH:56
BRF:0
BRH:0
end_of_record
TN:
SF:C:\Users\mdyuong\Documents\test\src\test\javascript\spec\app\account\reset\finish\reset.finish.controller.spec.js
FN:3,(anonymous_1)
FN:8,(anonymous_2)
FN:14,(anonymous_3)
FN:28,(anonymous_4)
FN:33,(anonymous_5)
FN:45,(anonymous_6)
FN:50,(anonymous_7)
FNF:7
FNH:7
FNDA:1,(anonymous_1)
FNDA:1,(anonymous_2)
FNDA:2,(anonymous_3)
FNDA:2,(anonymous_4)
FNDA:1,(anonymous_5)
FNDA:1,(anonymous_6)
FNDA:1,(anonymous_7)
DA:3,1
DA:5,1
DA:6,1
DA:8,1
DA:10,1
DA:11,1
DA:12,1
DA:14,1
DA:15,2
DA:16,2
DA:17,2
DA:19,2
DA:20,2
DA:22,2
DA:28,2
DA:29,2
DA:33,1
DA:35,1
DA:36,1
DA:39,1
DA:41,1
DA:42,1
DA:45,1
DA:47,1
DA:48,1
DA:49,1
DA:50,1
DA:51,1
DA:53,1
DA:56,1
DA:57,1
DA:58,1
LF:32
LH:32
BRF:0
BRH:0
end_of_record
TN:
SF:C:\Users\mdyuong\Documents\test\src\test\javascript\spec\app\account\reset\request\reset.request.controller.spec.js
FN:3,(anonymous_1)
FN:8,(anonymous_2)
FN:14,(anonymous_3)
FN:29,(anonymous_4)
FN:34,(anonymous_5)
FN:45,(anonymous_6)
FN:50,(anonymous_7)
FN:61,(anonymous_8)
FN:74,(anonymous_9)
FN:91,(anonymous_10)
FNF:10
FNH:10
FNDA:1,(anonymous_1)
FNDA:1,(anonymous_2)
FNDA:5,(anonymous_3)
FNDA:5,(anonymous_4)
FNDA:1,(anonymous_5)
FNDA:1,(anonymous_6)
FNDA:1,(anonymous_7)
FNDA:1,(anonymous_8)
FNDA:1,(anonymous_9)
FNDA:1,(anonymous_10)
DA:3,1
DA:5,1
DA:6,1
DA:8,1
DA:10,1
DA:11,1
DA:12,1
DA:14,1
DA:15,5
DA:16,5
DA:17,5
DA:18,5
DA:19,5
DA:20,5
DA:22,5
DA:29,5
DA:30,5
DA:34,1
DA:36,1
DA:39,1
DA:40,1
DA:41,1
DA:42,1
DA:45,1
DA:47,1
DA:48,1
DA:49,1
DA:50,1
DA:51,1
DA:53,1
DA:56,1
DA:57,1
DA:58,1
DA:61,1
DA:63,1
DA:64,1
DA:65,1
DA:67,1
DA:69,1
DA:70,1
DA:71,1
DA:72,1
DA:74,1
DA:76,1
DA:80,1
DA:81,1
DA:83,1
DA:85,1
DA:86,1
DA:87,1
DA:88,1
DA:91,1
DA:93,1
DA:97,1
DA:98,1
DA:100,1
DA:102,1
DA:103,1
DA:104,1
DA:105,1
LF:60
LH:60
BRF:0
BRH:0
end_of_record
TN:
SF:C:\Users\mdyuong\Documents\test\src\test\javascript\spec\app\account\sessions\sessions.controller.spec.js
FN:3,(anonymous_1)
FN:8,(anonymous_2)
FN:21,(anonymous_3)
FN:32,(anonymous_4)
FN:37,(anonymous_5)
FN:55,(anonymous_6)
FN:70,(anonymous_7)
FN:75,resourceDelete
FN:87,(anonymous_9)
FN:92,resourceDelete
FNF:10
FNH:10
FNDA:1,(anonymous_1)
FNDA:1,(anonymous_2)
FNDA:4,(anonymous_3)
FNDA:4,(anonymous_4)
FNDA:1,(anonymous_5)
FNDA:1,(anonymous_6)
FNDA:1,(anonymous_7)
FNDA:1,resourceDelete
FNDA:1,(anonymous_9)
FNDA:1,resourceDelete
DA:3,1
DA:5,1
DA:6,1
DA:8,1
DA:10,1
DA:11,1
DA:12,1
DA:14,1
DA:21,1
DA:22,4
DA:23,4
DA:24,4
DA:25,4
DA:27,4
DA:32,4
DA:33,4
DA:37,1
DA:38,1
DA:41,1
DA:43,1
DA:45,1
DA:46,1
DA:47,1
DA:48,1
DA:49,1
DA:52,1
DA:55,1
DA:56,1
DA:59,1
DA:61,1
DA:62,1
DA:63,1
DA:65,1
DA:70,1
DA:71,1
DA:74,1
DA:75,1
DA:76,1
DA:79,1
DA:80,1
DA:81,1
DA:83,1
DA:84,1
DA:87,1
DA:88,1
DA:91,1
DA:92,1
DA:93,1
DA:96,1
DA:97,1
DA:98,1
DA:100,1
DA:101,1
LF:53
LH:53
BRF:0
BRH:0
end_of_record
TN:
SF:C:\Users\mdyuong\Documents\test\src\test\javascript\spec\app\account\settings\settings.controller.spec.js
FN:3,(anonymous_1)
FN:8,(anonymous_2)
FN:14,(anonymous_3)
FN:24,(anonymous_4)
FN:29,(anonymous_5)
FN:53,(anonymous_6)
FN:71,(anonymous_7)
FNF:7
FNH:7
FNDA:1,(anonymous_1)
FNDA:1,(anonymous_2)
FNDA:3,(anonymous_3)
FNDA:3,(anonymous_4)
FNDA:1,(anonymous_5)
FNDA:1,(anonymous_6)
FNDA:1,(anonymous_7)
DA:3,1
DA:5,1
DA:6,1
DA:8,1
DA:10,1
DA:11,1
DA:12,1
DA:14,1
DA:15,3
DA:16,3
DA:17,3
DA:18,3
DA:19,3
DA:24,3
DA:25,3
DA:29,1
DA:31,1
DA:40,1
DA:41,1
DA:42,1
DA:45,1
DA:48,1
DA:49,1
DA:50,1
DA:53,1
DA:55,1
DA:59,1
DA:60,1
DA:61,1
DA:64,1
DA:67,1
DA:68,1
DA:71,1
DA:73,1
DA:74,1
DA:75,1
DA:78,1
DA:81,1
DA:82,1
LF:39
LH:39
BRF:0
BRH:0
end_of_record
TN:
SF:C:\Users\mdyuong\Documents\test\src\test\javascript\spec\app\admin\health\health.controller.spec.js
FN:3,(anonymous_1)
FN:5,(anonymous_2)
FN:9,(anonymous_3)
FN:15,(anonymous_4)
FN:21,(anonymous_5)
FN:22,(anonymous_6)
FN:26,(anonymous_7)
FN:30,(anonymous_8)
FN:34,(anonymous_9)
FN:41,(anonymous_10)
FN:42,(anonymous_11)
FN:48,(anonymous_12)
FN:79,(anonymous_13)
FN:137,(anonymous_14)
FN:203,(anonymous_15)
FNF:15
FNH:15
FNDA:1,(anonymous_1)
FNDA:1,(anonymous_2)
FNDA:9,(anonymous_3)
FNDA:9,(anonymous_4)
FNDA:1,(anonymous_5)
FNDA:1,(anonymous_6)
FNDA:1,(anonymous_7)
FNDA:1,(anonymous_8)
FNDA:1,(anonymous_9)
FNDA:1,(anonymous_10)
FNDA:1,(anonymous_11)
FNDA:1,(anonymous_12)
FNDA:1,(anonymous_13)
FNDA:1,(anonymous_14)
FNDA:1,(anonymous_15)
DA:3,1
DA:5,1
DA:6,1
DA:7,1
DA:9,1
DA:10,9
DA:11,9
DA:12,9
DA:15,9
DA:16,9
DA:18,9
DA:21,1
DA:22,1
DA:23,1
DA:26,1
DA:27,1
DA:30,1
DA:31,1
DA:34,1
DA:35,1
DA:41,1
DA:42,1
DA:43,1
DA:44,1
DA:45,1
DA:48,1
DA:49,1
DA:61,1
DA:76,1
DA:79,1
DA:80,1
DA:104,1
DA:134,1
DA:137,1
DA:138,1
DA:163,1
DA:200,1
DA:203,1
DA:204,1
DA:229,1
DA:264,1
LF:41
LH:41
BRF:0
BRH:0
end_of_record
TN:
SF:C:\Users\mdyuong\Documents\test\src\test\javascript\spec\app\components\login\login.controller.spec.js
FN:3,(anonymous_1)
FN:7,(anonymous_2)
FN:10,(anonymous_3)
FN:21,(anonymous_4)
FNF:4
FNH:4
FNDA:1,(anonymous_1)
FNDA:1,(anonymous_2)
FNDA:1,(anonymous_3)
FNDA:1,(anonymous_4)
DA:3,1
DA:5,1
DA:7,1
DA:8,1
DA:10,1
DA:11,1
DA:12,1
DA:13,1
DA:21,1
DA:22,1
LF:10
LH:10
BRF:0
BRH:0
end_of_record
TN:
SF:C:\Users\mdyuong\Documents\test\src\test\javascript\spec\app\entities\college\college-detail.controller.spec.js
FN:3,(anonymous_1)
FN:5,(anonymous_2)
FN:10,(anonymous_3)
FN:29,(anonymous_4)
FN:35,(anonymous_5)
FN:36,(anonymous_6)
FNF:6
FNH:6
FNDA:1,(anonymous_1)
FNDA:1,(anonymous_2)
FNDA:1,(anonymous_3)
FNDA:1,(anonymous_4)
FNDA:1,(anonymous_5)
FNDA:1,(anonymous_6)
DA:3,1
DA:5,1
DA:6,1
DA:7,1
DA:8,1
DA:10,1
DA:11,1
DA:12,1
DA:13,1
DA:14,1
DA:15,1
DA:16,1
DA:17,1
DA:20,1
DA:29,1
DA:30,1
DA:35,1
DA:36,1
DA:37,1
DA:39,1
DA:40,1
DA:42,1
DA:43,1
LF:23
LH:23
BRF:0
BRH:0
end_of_record
TN:
SF:C:\Users\mdyuong\Documents\test\src\test\javascript\spec\app\entities\professor\professor-detail.controller.spec.js
FN:3,(anonymous_1)
FN:5,(anonymous_2)
FN:10,(anonymous_3)
FN:27,(anonymous_4)
FN:33,(anonymous_5)
FN:34,(anonymous_6)
FNF:6
FNH:6
FNDA:1,(anonymous_1)
FNDA:1,(anonymous_2)
FNDA:1,(anonymous_3)
FNDA:1,(anonymous_4)
FNDA:1,(anonymous_5)
FNDA:1,(anonymous_6)
DA:3,1
DA:5,1
DA:6,1
DA:7,1
DA:8,1
DA:10,1
DA:11,1
DA:12,1
DA:13,1
DA:14,1
DA:15,1
DA:16,1
DA:19,1
DA:27,1
DA:28,1
DA:33,1
DA:34,1
DA:35,1
DA:37,1
DA:38,1
DA:40,1
DA:41,1
LF:22
LH:22
BRF:0
BRH:0
end_of_record
TN:
SF:C:\Users\mdyuong\Documents\test\src\test\javascript\spec\app\entities\student\student-detail.controller.spec.js
FN:3,(anonymous_1)
FN:5,(anonymous_2)
FN:10,(anonymous_3)
FN:27,(anonymous_4)
FN:33,(anonymous_5)
FN:34,(anonymous_6)
FNF:6
FNH:6
FNDA:1,(anonymous_1)
FNDA:1,(anonymous_2)
FNDA:1,(anonymous_3)
FNDA:1,(anonymous_4)
FNDA:1,(anonymous_5)
FNDA:1,(anonymous_6)
DA:3,1
DA:5,1
DA:6,1
DA:7,1
DA:8,1
DA:10,1
DA:11,1
DA:12,1
DA:13,1
DA:14,1
DA:15,1
DA:16,1
DA:19,1
DA:27,1
DA:28,1
DA:33,1
DA:34,1
DA:35,1
DA:37,1
DA:38,1
DA:40,1
DA:41,1
LF:22
LH:22
BRF:0
BRH:0
end_of_record
TN:
SF:C:\Users\mdyuong\Documents\test\src\test\javascript\spec\app\services\auth\auth.services.spec.js
FN:3,(anonymous_1)
FN:7,(anonymous_2)
FN:10,(anonymous_3)
FN:20,(anonymous_4)
FN:24,(anonymous_5)
FNF:5
FNH:5
FNDA:1,(anonymous_1)
FNDA:1,(anonymous_2)
FNDA:1,(anonymous_3)
FNDA:1,(anonymous_4)
FNDA:1,(anonymous_5)
DA:3,1
DA:4,1
DA:5,1
DA:7,1
DA:8,1
DA:10,1
DA:11,1
DA:12,1
DA:13,1
DA:14,1
DA:15,1
DA:16,1
DA:20,1
DA:21,1
DA:22,1
DA:24,1
DA:27,1
DA:30,1
DA:32,1
DA:35,1
DA:36,1
DA:37,1
LF:22
LH:22
BRF:0
BRH:0
end_of_record
